This is pdfTeX, Version 3.1415926-2.5-1.40.14 (TeX Live 2013/Debian) (format=pdflatex 2017.8.23)  7 SEP 2017 10:03
entering extended mode
 \write18 enabled.
 %&-line parsing enabled.
**pres.tex
(./pres.tex
LaTeX2e <2011/06/27>
Babel <3.9h> and hyphenation patterns for 26 languages loaded.
(/usr/share/texmf/tex/latex/beamer/base/beamer.cls
(/usr/share/texmf/tex/latex/beamer/base/beamerbasercs.sty
Package: beamerbasercs 2012/11/13 (rcs-revision cb16a617839f)
)
Document Class: beamer 2012/10/15 development version 3.24 A class for typesett
ing presentations (rcs-revision 24853e6b98cf)
(/usr/share/texmf/tex/latex/beamer/base/beamerbasemodes.sty
Package: beamerbasemodes 2012/04/15 (rcs-revision cc6557182d97)
\beamer@tempbox=\box26
\beamer@tempcount=\count79
\c@beamerpauses=\count80

(/usr/share/texmf/tex/latex/beamer/base/beamerbasedecode.sty
Package: beamerbasedecode 2010/05/01 (rcs-revision efa082c6111d)
\beamer@slideinframe=\count81
\beamer@minimum=\count82
)
\beamer@commentbox=\box27
\beamer@modecount=\count83
)
(/usr/share/texlive/texmf-dist/tex/generic/oberdiek/ifpdf.sty
Package: ifpdf 2011/01/30 v2.3 Provides the ifpdf switch (HO)
Package ifpdf Info: pdfTeX in PDF mode is detected.
)
\headheight=\dimen102
\headdp=\dimen103
\footheight=\dimen104
\sidebarheight=\dimen105
\beamer@tempdim=\dimen106
\beamer@finalheight=\dimen107
\beamer@animht=\dimen108
\beamer@animdp=\dimen109
\beamer@animwd=\dimen110
\beamer@leftmargin=\dimen111
\beamer@rightmargin=\dimen112
\beamer@leftsidebar=\dimen113
\beamer@rightsidebar=\dimen114
\beamer@boxsize=\dimen115
\beamer@vboxoffset=\dimen116
\beamer@descdefault=\dimen117
\beamer@descriptionwidth=\dimen118
\beamer@lastskip=\skip41
\beamer@areabox=\box28
\beamer@animcurrent=\box29
\beamer@animshowbox=\box30
\beamer@sectionbox=\box31
\beamer@logobox=\box32
\beamer@linebox=\box33
\beamer@sectioncount=\count84
\beamer@subsubsectionmax=\count85
\beamer@subsectionmax=\count86
\beamer@sectionmax=\count87
\beamer@totalheads=\count88
\beamer@headcounter=\count89
\beamer@partstartpage=\count90
\beamer@sectionstartpage=\count91
\beamer@subsectionstartpage=\count92
\beamer@animationtempa=\count93
\beamer@animationtempb=\count94
\beamer@xpos=\count95
\beamer@ypos=\count96
\beamer@showpartnumber=\count97
\beamer@currentsubsection=\count98
\beamer@coveringdepth=\count99
\beamer@sectionadjust=\count100
\beamer@tocsectionnumber=\count101

(/usr/share/texmf/tex/latex/beamer/base/beamerbaseoptions.sty
Package: beamerbaseoptions 2010/04/27 (rcs-revision 982469101dd6)

(/usr/share/texlive/texmf-dist/tex/latex/graphics/keyval.sty
Package: keyval 1999/03/16 v1.13 key=value parser (DPC)
\KV@toks@=\toks14
))
\beamer@paperwidth=\skip42
\beamer@paperheight=\skip43

(/usr/share/texlive/texmf-dist/tex/latex/geometry/geometry.sty
Package: geometry 2010/09/12 v5.6 Page Geometry

(/usr/share/texlive/texmf-dist/tex/generic/oberdiek/ifvtex.sty
Package: ifvtex 2010/03/01 v1.5 Detect VTeX and its facilities (HO)
Package ifvtex Info: VTeX not detected.
)
(/usr/share/texlive/texmf-dist/tex/generic/ifxetex/ifxetex.sty
Package: ifxetex 2010/09/12 v0.6 Provides ifxetex conditional
)
\Gm@cnth=\count102
\Gm@cntv=\count103
\c@Gm@tempcnt=\count104
\Gm@bindingoffset=\dimen119
\Gm@wd@mp=\dimen120
\Gm@odd@mp=\dimen121
\Gm@even@mp=\dimen122
\Gm@layoutwidth=\dimen123
\Gm@layoutheight=\dimen124
\Gm@layouthoffset=\dimen125
\Gm@layoutvoffset=\dimen126
\Gm@dimlist=\toks15
)
(/usr/share/texlive/texmf-dist/tex/latex/extsizes/size8.clo
File: size8.clo 1999/11/11 v1.4a NON-Standard LaTeX file (size option)
)
(/home/razvan/texmf/tex/latex/pgf/basiclayer/pgfcore.sty
(/usr/share/texlive/texmf-dist/tex/latex/graphics/graphicx.sty
Package: graphicx 1999/02/16 v1.0f Enhanced LaTeX Graphics (DPC,SPQR)

(/usr/share/texlive/texmf-dist/tex/latex/graphics/graphics.sty
Package: graphics 2009/02/05 v1.0o Standard LaTeX Graphics (DPC,SPQR)

(/usr/share/texlive/texmf-dist/tex/latex/graphics/trig.sty
Package: trig 1999/03/16 v1.09 sin cos tan (DPC)
)
(/usr/share/texlive/texmf-dist/tex/latex/latexconfig/graphics.cfg
File: graphics.cfg 2010/04/23 v1.9 graphics configuration of TeX Live
)
Package graphics Info: Driver file: pdftex.def on input line 91.

(/usr/share/texlive/texmf-dist/tex/latex/pdftex-def/pdftex.def
File: pdftex.def 2011/05/27 v0.06d Graphics/color for pdfTeX

(/usr/share/texlive/texmf-dist/tex/generic/oberdiek/infwarerr.sty
Package: infwarerr 2010/04/08 v1.3 Providing info/warning/error messages (HO)
)
(/usr/share/texlive/texmf-dist/tex/generic/oberdiek/ltxcmds.sty
Package: ltxcmds 2011/11/09 v1.22 LaTeX kernel commands for general use (HO)
)
\Gread@gobject=\count105
))
\Gin@req@height=\dimen127
\Gin@req@width=\dimen128
)
(/home/razvan/texmf/tex/latex/pgf/systemlayer/pgfsys.sty
(/home/razvan/texmf/tex/latex/pgf/utilities/pgfrcs.sty
(/home/razvan/texmf/tex/generic/pgf/utilities/pgfutil-common.tex
\pgfutil@everybye=\toks16
\pgfutil@tempdima=\dimen129
\pgfutil@tempdimb=\dimen130

(/home/razvan/texmf/tex/generic/pgf/utilities/pgfutil-common-lists.tex))
(/home/razvan/texmf/tex/generic/pgf/utilities/pgfutil-latex.def
\pgfutil@abb=\box34

(/usr/share/texlive/texmf-dist/tex/latex/ms/everyshi.sty
Package: everyshi 2001/05/15 v3.00 EveryShipout Package (MS)
))
(/home/razvan/texmf/tex/generic/pgf/utilities/pgfrcs.code.tex
Package: pgfrcs 2015/08/07 v3.0.1a (rcs-revision 1.31)
))
(/home/razvan/texmf/tex/generic/pgf/systemlayer/pgfsys.code.tex
Package: pgfsys 2014/07/09 v3.0.1a (rcs-revision 1.48)

(/home/razvan/texmf/tex/generic/pgf/utilities/pgfkeys.code.tex
\pgfkeys@pathtoks=\toks17
\pgfkeys@temptoks=\toks18

(/home/razvan/texmf/tex/generic/pgf/utilities/pgfkeysfiltered.code.tex
\pgfkeys@tmptoks=\toks19
))
\pgf@x=\dimen131
\pgf@y=\dimen132
\pgf@xa=\dimen133
\pgf@ya=\dimen134
\pgf@xb=\dimen135
\pgf@yb=\dimen136
\pgf@xc=\dimen137
\pgf@yc=\dimen138
\w@pgf@writea=\write3
\r@pgf@reada=\read1
\c@pgf@counta=\count106
\c@pgf@countb=\count107
\c@pgf@countc=\count108
\c@pgf@countd=\count109
\t@pgf@toka=\toks20
\t@pgf@tokb=\toks21
\t@pgf@tokc=\toks22

(/home/razvan/texmf/tex/generic/pgf/systemlayer/pgf.cfg
File: pgf.cfg 2008/05/14  (rcs-revision 1.7)
)
Driver file for pgf: pgfsys-pdftex.def

(/home/razvan/texmf/tex/generic/pgf/systemlayer/pgfsys-pdftex.def
File: pgfsys-pdftex.def 2014/10/11  (rcs-revision 1.35)

(/home/razvan/texmf/tex/generic/pgf/systemlayer/pgfsys-common-pdf.def
File: pgfsys-common-pdf.def 2013/10/10  (rcs-revision 1.13)
)))
(/home/razvan/texmf/tex/generic/pgf/systemlayer/pgfsyssoftpath.code.tex
File: pgfsyssoftpath.code.tex 2013/09/09  (rcs-revision 1.9)
\pgfsyssoftpath@smallbuffer@items=\count110
\pgfsyssoftpath@bigbuffer@items=\count111
)
(/home/razvan/texmf/tex/generic/pgf/systemlayer/pgfsysprotocol.code.tex
File: pgfsysprotocol.code.tex 2006/10/16  (rcs-revision 1.4)
))
(/usr/share/texmf/tex/latex/xcolor/xcolor.sty
Package: xcolor 2007/01/21 v2.11 LaTeX color extensions (UK)

(/usr/share/texlive/texmf-dist/tex/latex/latexconfig/color.cfg
File: color.cfg 2007/01/18 v1.5 color configuration of teTeX/TeXLive
)
Package xcolor Info: Driver file: pdftex.def on input line 225.

(/usr/share/texlive/texmf-dist/tex/latex/colortbl/colortbl.sty
Package: colortbl 2012/02/13 v1.0a Color table columns (DPC)

(/usr/share/texlive/texmf-dist/tex/latex/tools/array.sty
Package: array 2008/09/09 v2.4c Tabular extension package (FMi)
\col@sep=\dimen139
\extrarowheight=\dimen140
\NC@list=\toks23
\extratabsurround=\skip44
\backup@length=\skip45
)
\everycr=\toks24
\minrowclearance=\skip46
)
\rownum=\count112
Package xcolor Info: Model `cmy' substituted by `cmy0' on input line 1337.
Package xcolor Info: Model `hsb' substituted by `rgb' on input line 1341.
Package xcolor Info: Model `RGB' extended on input line 1353.
Package xcolor Info: Model `HTML' substituted by `rgb' on input line 1355.
Package xcolor Info: Model `Hsb' substituted by `hsb' on input line 1356.
Package xcolor Info: Model `tHsb' substituted by `hsb' on input line 1357.
Package xcolor Info: Model `HSB' substituted by `hsb' on input line 1358.
Package xcolor Info: Model `Gray' substituted by `gray' on input line 1359.
Package xcolor Info: Model `wave' substituted by `hsb' on input line 1360.
)
(/home/razvan/texmf/tex/generic/pgf/basiclayer/pgfcore.code.tex
Package: pgfcore 2010/04/11 v3.0.1a (rcs-revision 1.7)

(/home/razvan/texmf/tex/generic/pgf/math/pgfmath.code.tex
(/home/razvan/texmf/tex/generic/pgf/math/pgfmathcalc.code.tex
(/home/razvan/texmf/tex/generic/pgf/math/pgfmathutil.code.tex)
(/home/razvan/texmf/tex/generic/pgf/math/pgfmathparser.code.tex
\pgfmath@dimen=\dimen141
\pgfmath@count=\count113
\pgfmath@box=\box35
\pgfmath@toks=\toks25
\pgfmath@stack@operand=\toks26
\pgfmath@stack@operation=\toks27
)
(/home/razvan/texmf/tex/generic/pgf/math/pgfmathfunctions.code.tex
(/home/razvan/texmf/tex/generic/pgf/math/pgfmathfunctions.basic.code.tex)
(/home/razvan/texmf/tex/generic/pgf/math/pgfmathfunctions.trigonometric.code.te
x) (/home/razvan/texmf/tex/generic/pgf/math/pgfmathfunctions.random.code.tex)
(/home/razvan/texmf/tex/generic/pgf/math/pgfmathfunctions.comparison.code.tex)
(/home/razvan/texmf/tex/generic/pgf/math/pgfmathfunctions.base.code.tex)
(/home/razvan/texmf/tex/generic/pgf/math/pgfmathfunctions.round.code.tex)
(/home/razvan/texmf/tex/generic/pgf/math/pgfmathfunctions.misc.code.tex)
(/home/razvan/texmf/tex/generic/pgf/math/pgfmathfunctions.integerarithmetics.co
de.tex))) (/home/razvan/texmf/tex/generic/pgf/math/pgfmathfloat.code.tex
\c@pgfmathroundto@lastzeros=\count114
))
(/home/razvan/texmf/tex/generic/pgf/basiclayer/pgfcorepoints.code.tex
File: pgfcorepoints.code.tex 2013/10/07  (rcs-revision 1.27)
\pgf@picminx=\dimen142
\pgf@picmaxx=\dimen143
\pgf@picminy=\dimen144
\pgf@picmaxy=\dimen145
\pgf@pathminx=\dimen146
\pgf@pathmaxx=\dimen147
\pgf@pathminy=\dimen148
\pgf@pathmaxy=\dimen149
\pgf@xx=\dimen150
\pgf@xy=\dimen151
\pgf@yx=\dimen152
\pgf@yy=\dimen153
\pgf@zx=\dimen154
\pgf@zy=\dimen155
)
(/home/razvan/texmf/tex/generic/pgf/basiclayer/pgfcorepathconstruct.code.tex
File: pgfcorepathconstruct.code.tex 2013/10/07  (rcs-revision 1.29)
\pgf@path@lastx=\dimen156
\pgf@path@lasty=\dimen157
)
(/home/razvan/texmf/tex/generic/pgf/basiclayer/pgfcorepathusage.code.tex
File: pgfcorepathusage.code.tex 2014/11/02  (rcs-revision 1.24)
\pgf@shorten@end@additional=\dimen158
\pgf@shorten@start@additional=\dimen159
)
(/home/razvan/texmf/tex/generic/pgf/basiclayer/pgfcorescopes.code.tex
File: pgfcorescopes.code.tex 2015/05/08  (rcs-revision 1.46)
\pgfpic=\box36
\pgf@hbox=\box37
\pgf@layerbox@main=\box38
\pgf@picture@serial@count=\count115
)
(/home/razvan/texmf/tex/generic/pgf/basiclayer/pgfcoregraphicstate.code.tex
File: pgfcoregraphicstate.code.tex 2014/11/02  (rcs-revision 1.12)
\pgflinewidth=\dimen160
)
(/home/razvan/texmf/tex/generic/pgf/basiclayer/pgfcoretransformations.code.tex
File: pgfcoretransformations.code.tex 2015/08/07  (rcs-revision 1.20)
\pgf@pt@x=\dimen161
\pgf@pt@y=\dimen162
\pgf@pt@temp=\dimen163
) (/home/razvan/texmf/tex/generic/pgf/basiclayer/pgfcorequick.code.tex
File: pgfcorequick.code.tex 2008/10/09  (rcs-revision 1.3)
)
(/home/razvan/texmf/tex/generic/pgf/basiclayer/pgfcoreobjects.code.tex
File: pgfcoreobjects.code.tex 2006/10/11  (rcs-revision 1.2)
)
(/home/razvan/texmf/tex/generic/pgf/basiclayer/pgfcorepathprocessing.code.tex
File: pgfcorepathprocessing.code.tex 2013/09/09  (rcs-revision 1.9)
)
(/home/razvan/texmf/tex/generic/pgf/basiclayer/pgfcorearrows.code.tex
File: pgfcorearrows.code.tex 2015/05/14  (rcs-revision 1.43)
\pgfarrowsep=\dimen164
)
(/home/razvan/texmf/tex/generic/pgf/basiclayer/pgfcoreshade.code.tex
File: pgfcoreshade.code.tex 2013/07/15  (rcs-revision 1.15)
\pgf@max=\dimen165
\pgf@sys@shading@range@num=\count116
)
(/home/razvan/texmf/tex/generic/pgf/basiclayer/pgfcoreimage.code.tex
File: pgfcoreimage.code.tex 2013/07/15  (rcs-revision 1.18)

(/home/razvan/texmf/tex/generic/pgf/basiclayer/pgfcoreexternal.code.tex
File: pgfcoreexternal.code.tex 2014/07/09  (rcs-revision 1.21)
\pgfexternal@startupbox=\box39
))
(/home/razvan/texmf/tex/generic/pgf/basiclayer/pgfcorelayers.code.tex
File: pgfcorelayers.code.tex 2013/07/18  (rcs-revision 1.7)
)
(/home/razvan/texmf/tex/generic/pgf/basiclayer/pgfcoretransparency.code.tex
File: pgfcoretransparency.code.tex 2013/09/30  (rcs-revision 1.5)
)
(/home/razvan/texmf/tex/generic/pgf/basiclayer/pgfcorepatterns.code.tex
File: pgfcorepatterns.code.tex 2013/11/07  (rcs-revision 1.5)
)))
(/home/razvan/texmf/tex/latex/pgf/utilities/xxcolor.sty
Package: xxcolor 2003/10/24 ver 0.1
\XC@nummixins=\count117
\XC@countmixins=\count118
)
(/usr/share/texlive/texmf-dist/tex/latex/hyperref/hyperref.sty
Package: hyperref 2012/11/06 v6.83m Hypertext links for LaTeX

(/usr/share/texlive/texmf-dist/tex/generic/oberdiek/hobsub-hyperref.sty
Package: hobsub-hyperref 2012/05/28 v1.13 Bundle oberdiek, subset hyperref (HO)


(/usr/share/texlive/texmf-dist/tex/generic/oberdiek/hobsub-generic.sty
Package: hobsub-generic 2012/05/28 v1.13 Bundle oberdiek, subset generic (HO)
Package: hobsub 2012/05/28 v1.13 Construct package bundles (HO)
Package hobsub Info: Skipping package `infwarerr' (already loaded).
Package hobsub Info: Skipping package `ltxcmds' (already loaded).
Package: ifluatex 2010/03/01 v1.3 Provides the ifluatex switch (HO)
Package ifluatex Info: LuaTeX not detected.
Package hobsub Info: Skipping package `ifvtex' (already loaded).
Package: intcalc 2007/09/27 v1.1 Expandable calculations with integers (HO)
Package hobsub Info: Skipping package `ifpdf' (already loaded).
Package: etexcmds 2011/02/16 v1.5 Avoid name clashes with e-TeX commands (HO)
Package etexcmds Info: Could not find \expanded.
(etexcmds)             That can mean that you are not using pdfTeX 1.50 or
(etexcmds)             that some package has redefined \expanded.
(etexcmds)             In the latter case, load this package earlier.
Package: kvsetkeys 2012/04/25 v1.16 Key value parser (HO)
Package: kvdefinekeys 2011/04/07 v1.3 Define keys (HO)
Package: pdftexcmds 2011/11/29 v0.20 Utility functions of pdfTeX for LuaTeX (HO
)
Package pdftexcmds Info: LuaTeX not detected.
Package pdftexcmds Info: \pdf@primitive is available.
Package pdftexcmds Info: \pdf@ifprimitive is available.
Package pdftexcmds Info: \pdfdraftmode found.
Package: pdfescape 2011/11/25 v1.13 Implements pdfTeX's escape features (HO)
Package: bigintcalc 2012/04/08 v1.3 Expandable calculations on big integers (HO
)
Package: bitset 2011/01/30 v1.1 Handle bit-vector datatype (HO)
Package: uniquecounter 2011/01/30 v1.2 Provide unlimited unique counter (HO)
)
Package hobsub Info: Skipping package `hobsub' (already loaded).
Package: letltxmacro 2010/09/02 v1.4 Let assignment for LaTeX macros (HO)
Package: hopatch 2012/05/28 v1.2 Wrapper for package hooks (HO)
Package: xcolor-patch 2011/01/30 xcolor patch
Package: atveryend 2011/06/30 v1.8 Hooks at the very end of document (HO)
Package atveryend Info: \enddocument detected (standard20110627).
Package: atbegshi 2011/10/05 v1.16 At begin shipout hook (HO)
Package: refcount 2011/10/16 v3.4 Data extraction from label references (HO)
Package: hycolor 2011/01/30 v1.7 Color options for hyperref/bookmark (HO)
)
(/usr/share/texlive/texmf-dist/tex/latex/oberdiek/auxhook.sty
Package: auxhook 2011/03/04 v1.3 Hooks for auxiliary files (HO)
)
(/usr/share/texlive/texmf-dist/tex/latex/oberdiek/kvoptions.sty
Package: kvoptions 2011/06/30 v3.11 Key value format for package options (HO)
)
\@linkdim=\dimen166
\Hy@linkcounter=\count119
\Hy@pagecounter=\count120

(/usr/share/texlive/texmf-dist/tex/latex/hyperref/pd1enc.def
File: pd1enc.def 2012/11/06 v6.83m Hyperref: PDFDocEncoding definition (HO)
)
\Hy@SavedSpaceFactor=\count121

(/usr/share/texlive/texmf-dist/tex/latex/latexconfig/hyperref.cfg
File: hyperref.cfg 2002/06/06 v1.2 hyperref configuration of TeXLive
)
Package hyperref Info: Option `bookmarks' set `true' on input line 4319.
Package hyperref Info: Option `bookmarksopen' set `true' on input line 4319.
Package hyperref Info: Option `implicit' set `false' on input line 4319.
Package hyperref Info: Hyper figures OFF on input line 4443.
Package hyperref Info: Link nesting OFF on input line 4448.
Package hyperref Info: Hyper index ON on input line 4451.
Package hyperref Info: Plain pages OFF on input line 4458.
Package hyperref Info: Backreferencing OFF on input line 4463.
Package hyperref Info: Implicit mode OFF; no redefinition of LaTeX internals.
Package hyperref Info: Bookmarks ON on input line 4688.
\c@Hy@tempcnt=\count122

(/usr/share/texlive/texmf-dist/tex/latex/url/url.sty
\Urlmuskip=\muskip10
Package: url 2013/09/16  ver 3.4  Verb mode for urls, etc.
)
LaTeX Info: Redefining \url on input line 5041.
\XeTeXLinkMargin=\dimen167
\Fld@menulength=\count123
\Field@Width=\dimen168
\Fld@charsize=\dimen169
Package hyperref Info: Hyper figures OFF on input line 6295.
Package hyperref Info: Link nesting OFF on input line 6300.
Package hyperref Info: Hyper index ON on input line 6303.
Package hyperref Info: backreferencing OFF on input line 6310.
Package hyperref Info: Link coloring OFF on input line 6315.
Package hyperref Info: Link coloring with OCG OFF on input line 6320.
Package hyperref Info: PDF/A mode OFF on input line 6325.
LaTeX Info: Redefining \ref on input line 6365.
LaTeX Info: Redefining \pageref on input line 6369.
\Hy@abspage=\count124


Package hyperref Message: Stopped early.

)

Package hyperref Message: Driver (autodetected): hpdftex.

(/usr/share/texlive/texmf-dist/tex/latex/hyperref/hpdftex.def
File: hpdftex.def 2012/11/06 v6.83m Hyperref driver for pdfTeX
\Fld@listcount=\count125
\c@bookmark@seq@number=\count126

(/usr/share/texlive/texmf-dist/tex/latex/oberdiek/rerunfilecheck.sty
Package: rerunfilecheck 2011/04/15 v1.7 Rerun checks for auxiliary files (HO)
Package uniquecounter Info: New unique counter `rerunfilecheck' on input line 2
82.
))
(/usr/share/texmf/tex/latex/beamer/base/beamerbaserequires.sty
Package: beamerbaserequires 2010/05/01  (rcs-revision efa082c6111d)

(/usr/share/texmf/tex/latex/beamer/base/beamerbasecompatibility.sty
Package: beamerbasecompatibility 2012/05/01  (rcs-revision 67c48b3b652d)
)
(/usr/share/texmf/tex/latex/beamer/base/beamerbasefont.sty
Package: beamerbasefont 2012/09/19  (rcs-revision 733629cd0c6c)

(/usr/share/texlive/texmf-dist/tex/latex/amsfonts/amssymb.sty
Package: amssymb 2013/01/14 v3.01 AMS font symbols

(/usr/share/texlive/texmf-dist/tex/latex/amsfonts/amsfonts.sty
Package: amsfonts 2013/01/14 v3.01 Basic AMSFonts support
\@emptytoks=\toks28
\symAMSa=\mathgroup4
\symAMSb=\mathgroup5
LaTeX Font Info:    Overwriting math alphabet `\mathfrak' in version `bold'
(Font)                  U/euf/m/n --> U/euf/b/n on input line 106.
)))
(/usr/share/texmf/tex/latex/beamer/base/beamerbasetranslator.sty
Package: beamerbasetranslator 2010/06/11  (rcs-revision 85fd1cc7fc42)

(/usr/share/texmf/tex/latex/beamer/base/translator/translator.sty
Package: translator 2010/06/12 ver 1.10

(/usr/share/texmf/tex/latex/beamer/base/translator/translator-language-mappings
.tex))) (/usr/share/texmf/tex/latex/beamer/base/beamerbasemisc.sty
Package: beamerbasemisc 2012/02/24  (rcs-revision 2ff5461be705)
)
(/usr/share/texmf/tex/latex/beamer/base/beamerbasetwoscreens.sty
Package: beamerbasetwoscreens 2010/05/01  (rcs-revision efa082c6111d)
)
(/usr/share/texmf/tex/latex/beamer/base/beamerbaseoverlay.sty
Package: beamerbaseoverlay 2012/11/11  (rcs-revision 6afbc49b1109)
\beamer@argscount=\count127
\beamer@lastskipcover=\skip47
\beamer@trivlistdepth=\count128
)
(/usr/share/texmf/tex/latex/beamer/base/beamerbasetitle.sty
Package: beamerbasetitle 2010/09/21  (rcs-revision f0446ed0b6ae)
)
(/usr/share/texmf/tex/latex/beamer/base/beamerbasesection.sty
Package: beamerbasesection 2012/11/11  (rcs-revision 0056eef6f17f)
\c@lecture=\count129
\c@part=\count130
\c@section=\count131
\c@subsection=\count132
\c@subsubsection=\count133
)
(/usr/share/texmf/tex/latex/beamer/base/beamerbaseframe.sty
Package: beamerbaseframe 2012/09/13  (rcs-revision dcd846607320)
\beamer@framebox=\box40
\beamer@frametitlebox=\box41
\beamer@zoombox=\box42
\beamer@zoomcount=\count134
\beamer@zoomframecount=\count135
\beamer@frametextheight=\dimen170
\c@subsectionslide=\count136
\beamer@frametopskip=\skip48
\beamer@framebottomskip=\skip49
\beamer@frametopskipautobreak=\skip50
\beamer@framebottomskipautobreak=\skip51
\beamer@envbody=\toks29
\framewidth=\dimen171
\c@framenumber=\count137
)
(/usr/share/texmf/tex/latex/beamer/base/beamerbaseverbatim.sty
Package: beamerbaseverbatim 2012/08/30  (rcs-revision dfdb135076b3)
\beamer@verbatimfileout=\write4
)
(/usr/share/texmf/tex/latex/beamer/base/beamerbaseframesize.sty
Package: beamerbaseframesize 2011/09/12  (rcs-revision 70f9d8411e54)
\beamer@splitbox=\box43
\beamer@autobreakcount=\count138
\beamer@autobreaklastheight=\dimen172
\beamer@frametitletoks=\toks30
\beamer@framesubtitletoks=\toks31
)
(/usr/share/texmf/tex/latex/beamer/base/beamerbaseframecomponents.sty
Package: beamerbaseframecomponents 2012/09/13  (rcs-revision dcd846607320)
\beamer@footins=\box44
)
(/usr/share/texmf/tex/latex/beamer/base/beamerbasecolor.sty
Package: beamerbasecolor 2010/06/06  (rcs-revision d1a9b48be06d)
)
(/usr/share/texmf/tex/latex/beamer/base/beamerbasenotes.sty
Package: beamerbasenotes 2010/05/01  (rcs-revision efa082c6111d)
\beamer@frameboxcopy=\box45
)
(/usr/share/texmf/tex/latex/beamer/base/beamerbasetoc.sty
Package: beamerbasetoc 2012/10/02  (rcs-revision 5ed0f4010e8a)
)
(/usr/share/texmf/tex/latex/beamer/base/beamerbasetemplates.sty
Package: beamerbasetemplates 2010/05/01  (rcs-revision efa082c6111d)
\beamer@sbttoks=\toks32

(/usr/share/texmf/tex/latex/beamer/base/beamerbaseauxtemplates.sty
Package: beamerbaseauxtemplates 2012/05/01  (rcs-revision 67c48b3b652d)

(/usr/share/texmf/tex/latex/beamer/base/beamerbaseboxes.sty
Package: beamerbaseboxes 2012/05/13  (rcs-revision 56972908a390)
\bmb@box=\box46
\bmb@colorbox=\box47
\bmb@boxshadow=\box48
\bmb@boxshadowball=\box49
\bmb@boxshadowballlarge=\box50
\bmb@temp=\dimen173
\bmb@dima=\dimen174
\bmb@dimb=\dimen175
\bmb@prevheight=\dimen176
)
\beamer@blockheadheight=\dimen177
))
(/usr/share/texmf/tex/latex/beamer/base/beamerbaselocalstructure.sty
Package: beamerbaselocalstructure 2012/11/13  (rcs-revision ddfba79dac19)

(/usr/share/texlive/texmf-dist/tex/latex/tools/enumerate.sty
Package: enumerate 1999/03/05 v3.00 enumerate extensions (DPC)
\@enLab=\toks33
)
\c@figure=\count139
\c@table=\count140
\abovecaptionskip=\skip52
\belowcaptionskip=\skip53
)
(/usr/share/texmf/tex/latex/beamer/base/beamerbasenavigation.sty
Package: beamerbasenavigation 2012/04/03  (rcs-revision 42a0f21a412d)
\beamer@section@min@dim=\dimen178
)
(/usr/share/texmf/tex/latex/beamer/base/beamerbasetheorems.sty
Package: beamerbasetheorems 2010/06/06  (rcs-revision 7e7cc5e53e9d)

(/usr/share/texlive/texmf-dist/tex/latex/amsmath/amsmath.sty
Package: amsmath 2013/01/14 v2.14 AMS math features
\@mathmargin=\skip54

For additional information on amsmath, use the `?' option.
(/usr/share/texlive/texmf-dist/tex/latex/amsmath/amstext.sty
Package: amstext 2000/06/29 v2.01

(/usr/share/texlive/texmf-dist/tex/latex/amsmath/amsgen.sty
File: amsgen.sty 1999/11/30 v2.0
\@emptytoks=\toks34
\ex@=\dimen179
))
(/usr/share/texlive/texmf-dist/tex/latex/amsmath/amsbsy.sty
Package: amsbsy 1999/11/29 v1.2d
\pmbraise@=\dimen180
)
(/usr/share/texlive/texmf-dist/tex/latex/amsmath/amsopn.sty
Package: amsopn 1999/12/14 v2.01 operator names
)
\inf@bad=\count141
LaTeX Info: Redefining \frac on input line 210.
\uproot@=\count142
\leftroot@=\count143
LaTeX Info: Redefining \overline on input line 306.
\classnum@=\count144
\DOTSCASE@=\count145
LaTeX Info: Redefining \ldots on input line 378.
LaTeX Info: Redefining \dots on input line 381.
LaTeX Info: Redefining \cdots on input line 466.
\Mathstrutbox@=\box51
\strutbox@=\box52
\big@size=\dimen181
LaTeX Font Info:    Redeclaring font encoding OML on input line 566.
LaTeX Font Info:    Redeclaring font encoding OMS on input line 567.
\macc@depth=\count146
\c@MaxMatrixCols=\count147
\dotsspace@=\muskip11
\c@parentequation=\count148
\dspbrk@lvl=\count149
\tag@help=\toks35
\row@=\count150
\column@=\count151
\maxfields@=\count152
\andhelp@=\toks36
\eqnshift@=\dimen182
\alignsep@=\dimen183
\tagshift@=\dimen184
\tagwidth@=\dimen185
\totwidth@=\dimen186
\lineht@=\dimen187
\@envbody=\toks37
\multlinegap=\skip55
\multlinetaggap=\skip56
\mathdisplay@stack=\toks38
LaTeX Info: Redefining \[ on input line 2665.
LaTeX Info: Redefining \] on input line 2666.
)
(/usr/share/texlive/texmf-dist/tex/latex/amscls/amsthm.sty
Package: amsthm 2004/08/06 v2.20
\thm@style=\toks39
\thm@bodyfont=\toks40
\thm@headfont=\toks41
\thm@notefont=\toks42
\thm@headpunct=\toks43
\thm@preskip=\skip57
\thm@postskip=\skip58
\thm@headsep=\skip59
\dth@everypar=\toks44
)
\c@theorem=\count153
)
(/usr/share/texmf/tex/latex/beamer/base/beamerbasethemes.sty
Package: beamerbasethemes 2010/05/01  (rcs-revision efa082c6111d)
))
(/usr/share/texmf/tex/latex/beamer/base/themes/theme/beamerthemedefault.sty
Package: beamerthemedefault 2010/06/17  (rcs-revision d02a7cf4d8ae)

(/usr/share/texmf/tex/latex/beamer/base/themes/font/beamerfontthemedefault.sty
Package: beamerfontthemedefault 2010/06/17  (rcs-revision d02a7cf4d8ae)
)
(/usr/share/texmf/tex/latex/beamer/base/themes/color/beamercolorthemedefault.st
y
Package: beamercolorthemedefault 2010/06/17  (rcs-revision d02a7cf4d8ae)
)
(/usr/share/texmf/tex/latex/beamer/base/themes/inner/beamerinnerthemedefault.st
y
Package: beamerinnerthemedefault 2012/05/01  (rcs-revision 67c48b3b652d)
\beamer@dima=\dimen188
\beamer@dimb=\dimen189
)
(/usr/share/texmf/tex/latex/beamer/base/themes/outer/beamerouterthemedefault.st
y
Package: beamerouterthemedefault 2012/10/02  (rcs-revision 5ed0f4010e8a)
))) (/usr/share/texlive/texmf-dist/tex/latex/caption/caption.sty
Package: caption 2013/05/02 v3.3-89 Customizing captions (AR)

(/usr/share/texlive/texmf-dist/tex/latex/caption/caption3.sty
Package: caption3 2013/05/02 v1.6-88 caption3 kernel (AR)
Package caption3 Info: TeX engine: e-TeX on input line 57.
\captionmargin=\dimen190
\captionmargin@=\dimen191
\captionwidth=\dimen192
\caption@tempdima=\dimen193
\caption@indent=\dimen194
\caption@parindent=\dimen195
\caption@hangindent=\dimen196
)
\c@ContinuedFloat=\count154
Package caption Info: beamer document class.
Package caption Info: hyperref package is loaded.
Package caption Info: Hyperref support is turned off
(caption)             because hyperref has stopped early.
)
(/usr/share/texlive/texmf-dist/tex/latex/caption/subcaption.sty
Package: subcaption 2013/02/03 v1.1-62 Sub-captions (AR)
\c@subfigure=\count155
\c@subtable=\count156
)
(./ucltemplate.sty
(/usr/share/texmf/tex/latex/beamer/base/themes/inner/beamerinnerthemerounded.st
y
Package: beamerinnerthemerounded 2010/06/17  (rcs-revision d02a7cf4d8ae)
)) (/usr/share/texlive/texmf-dist/tex/latex/psnfss/helvet.sty
Package: helvet 2005/04/12 PSNFSS-v9.2a (WaS) 
)
(/home/razvan/texmf/tex/latex/pgfgantt/pgfgantt.sty
Package: pgfgantt 2013/06/01 v4.0 Draw Gantt diagrams with TikZ

(/home/razvan/texmf/tex/latex/pgf/frontendlayer/tikz.sty
(/home/razvan/texmf/tex/latex/pgf/basiclayer/pgf.sty
Package: pgf 2015/08/07 v3.0.1a (rcs-revision 1.15)

(/home/razvan/texmf/tex/generic/pgf/modules/pgfmoduleshapes.code.tex
File: pgfmoduleshapes.code.tex 2014/03/21  (rcs-revision 1.35)
\pgfnodeparttextbox=\box53
)
(/home/razvan/texmf/tex/generic/pgf/modules/pgfmoduleplot.code.tex
File: pgfmoduleplot.code.tex 2015/08/03  (rcs-revision 1.13)
)
(/home/razvan/texmf/tex/latex/pgf/compatibility/pgfcomp-version-0-65.sty
Package: pgfcomp-version-0-65 2007/07/03 v3.0.1a (rcs-revision 1.7)
\pgf@nodesepstart=\dimen197
\pgf@nodesepend=\dimen198
)
(/home/razvan/texmf/tex/latex/pgf/compatibility/pgfcomp-version-1-18.sty
Package: pgfcomp-version-1-18 2007/07/23 v3.0.1a (rcs-revision 1.1)
))
(/home/razvan/texmf/tex/latex/pgf/utilities/pgffor.sty
(/home/razvan/texmf/tex/latex/pgf/utilities/pgfkeys.sty
(/home/razvan/texmf/tex/generic/pgf/utilities/pgfkeys.code.tex))
(/home/razvan/texmf/tex/latex/pgf/math/pgfmath.sty
(/home/razvan/texmf/tex/generic/pgf/math/pgfmath.code.tex))
(/home/razvan/texmf/tex/generic/pgf/utilities/pgffor.code.tex
Package: pgffor 2013/12/13 v3.0.1a (rcs-revision 1.25)

(/home/razvan/texmf/tex/generic/pgf/math/pgfmath.code.tex)
\pgffor@iter=\dimen199
\pgffor@skip=\dimen200
\pgffor@stack=\toks45
\pgffor@toks=\toks46
))
(/home/razvan/texmf/tex/generic/pgf/frontendlayer/tikz/tikz.code.tex
Package: tikz 2015/08/07 v3.0.1a (rcs-revision 1.151)

(/home/razvan/texmf/tex/generic/pgf/libraries/pgflibraryplothandlers.code.tex
File: pgflibraryplothandlers.code.tex 2013/08/31 v3.0.1a (rcs-revision 1.20)
\pgf@plot@mark@count=\count157
\pgfplotmarksize=\dimen201
)
\tikz@lastx=\dimen202
\tikz@lasty=\dimen203
\tikz@lastxsaved=\dimen204
\tikz@lastysaved=\dimen205
\tikzleveldistance=\dimen206
\tikzsiblingdistance=\dimen207
\tikz@figbox=\box54
\tikz@figbox@bg=\box55
\tikz@tempbox=\box56
\tikz@tempbox@bg=\box57
\tikztreelevel=\count158
\tikznumberofchildren=\count159
\tikznumberofcurrentchild=\count160
\tikz@fig@count=\count161

(/home/razvan/texmf/tex/generic/pgf/modules/pgfmodulematrix.code.tex
File: pgfmodulematrix.code.tex 2013/09/17  (rcs-revision 1.8)
\pgfmatrixcurrentrow=\count162
\pgfmatrixcurrentcolumn=\count163
\pgf@matrix@numberofcolumns=\count164
)
\tikz@expandcount=\count165

(/home/razvan/texmf/tex/generic/pgf/frontendlayer/tikz/libraries/tikzlibrarytop
aths.code.tex
File: tikzlibrarytopaths.code.tex 2008/06/17 v3.0.1a (rcs-revision 1.2)
)))
(/home/razvan/texmf/tex/generic/pgf/frontendlayer/tikz/libraries/tikzlibraryarr
ows.code.tex
File: tikzlibraryarrows.code.tex 2008/01/09 v3.0.1a (rcs-revision 1.1)

(/home/razvan/texmf/tex/generic/pgf/libraries/pgflibraryarrows.code.tex
File: pgflibraryarrows.code.tex 2013/09/23 v3.0.1a (rcs-revision 1.16)
\arrowsize=\dimen208
))
(/home/razvan/texmf/tex/generic/pgf/frontendlayer/tikz/libraries/tikzlibrarybac
kgrounds.code.tex
File: tikzlibrarybackgrounds.code.tex 2013/07/18 v3.0.1a (rcs-revision 1.3)
\pgf@layerbox@background=\box58
\pgf@layerboxsaved@background=\box59
)
(/home/razvan/texmf/tex/generic/pgf/frontendlayer/tikz/libraries/tikzlibrarycal
c.code.tex
File: tikzlibrarycalc.code.tex 2013/07/15 v3.0.1a (rcs-revision 1.9)
)
(/home/razvan/texmf/tex/generic/pgf/frontendlayer/tikz/libraries/tikzlibrarypat
terns.code.tex
File: tikzlibrarypatterns.code.tex 2008/01/15 v3.0.1a (rcs-revision 1.2)

(/home/razvan/texmf/tex/generic/pgf/libraries/pgflibrarypatterns.code.tex
File: pgflibrarypatterns.code.tex 2008/03/03 v3.0.1a (rcs-revision 1.13)
))
(/home/razvan/texmf/tex/generic/pgf/frontendlayer/tikz/libraries/tikzlibrarypos
itioning.code.tex
File: tikzlibrarypositioning.code.tex 2008/10/06 v3.0.1a (rcs-revision 1.7)
)
(/home/razvan/texmf/tex/generic/pgf/frontendlayer/tikz/libraries/tikzlibrarysha
pes.geometric.code.tex
File: tikzlibraryshapes.geometric.code.tex 2008/01/09 v3.0.1a (rcs-revision 1.1
)

(/home/razvan/texmf/tex/generic/pgf/libraries/shapes/pgflibraryshapes.geometric
.code.tex
File: pgflibraryshapes.geometric.code.tex 2008/06/26 v3.0.1a (rcs-revision 1.1)

)) (/home/razvan/texmf/tex/latex/pgf/utilities/pgfcalendar.sty
(/home/razvan/texmf/tex/generic/pgf/utilities/pgfcalendar.code.tex
File: pgfcalendar.code.tex 2007/07/23 v3.0.1a (rcs-revision 1.11)
\pgfcalendarcurrentjulian=\count166
))
\gtt@currentline=\count167
\gtt@lasttitleline=\count168
\gtt@currgrid=\count169
\gtt@chartwidth=\count170
\gtt@lasttitleslot=\count171
\gtt@elementid=\count172
\gtt@today@slot=\count173
\gtt@startjulian=\count174
\gtt@endjulian=\count175
\gtt@calendar@slots=\count176
\gtt@calendar@weeknumber=\count177
\gtt@calendar@startofweek=\count178
\gtt@left@slot=\count179
\gtt@right@slot=\count180
)
(/usr/share/texlive/texmf-dist/tex/latex/rotating/rotating.sty
Package: rotating 2009/03/28 v2.16a rotated objects in LaTeX

(/usr/share/texlive/texmf-dist/tex/latex/base/ifthen.sty
Package: ifthen 2001/05/26 v1.1c Standard LaTeX ifthen package (DPC)
)
\c@r@tfl@t=\count181
\rotFPtop=\skip60
\rotFPbot=\skip61
\rot@float@box=\box60
\rot@mess@toks=\toks47
)
(/home/razvan/texmf/tex/latex/realboxes/realboxes.sty
Package: realboxes 2011/08/08 v0.2 Change box commands to read there content as
 real boxes

(/home/razvan/texmf/tex/latex/collectbox/collectbox.sty
Package: collectbox 2012/05/17 v0.4b Collect macro arguments as boxes
\collectedbox=\box61
)
(/home/razvan/texmf/tex/latex/adjustbox/adjcalc.sty
Package: adjcalc 2012/05/16 v1.1 Provides advanced setlength with multiple back
-ends (calc, etex, pgfmath)

(/usr/share/texlive/texmf-dist/tex/latex/xkeyval/xkeyval.sty
Package: xkeyval 2012/10/14 v2.6b package option processing (HA)

(/usr/share/texlive/texmf-dist/tex/generic/xkeyval/xkeyval.tex
\XKV@toks=\toks48
\XKV@tempa@toks=\toks49
\XKV@depth=\count182
File: xkeyval.tex 2012/10/14 v2.6b key=value parser (HA)
))))
(/home/razvan/texmf/tex/latex/adjustbox/adjustbox.sty
Package: adjustbox 2012/05/21 v1.0 Adjusting TeX boxes (trim, clip, ...)

(/home/razvan/texmf/tex/latex/adjustbox/trimclip.sty
Package: trimclip 2012/05/16 v1.0 Trim and clip general TeX material
\tc@llx=\dimen209
\tc@lly=\dimen210
\tc@urx=\dimen211
\tc@ury=\dimen212
Package trimclip Info: Using driver 'tc-pdftex.def'.

(/home/razvan/texmf/tex/latex/adjustbox/tc-pdftex.def
File: tc-pdftex.def 2012/05/13 v1.0 Clipping driver for pdftex
))
\adjbox@Width=\dimen213
\adjbox@Height=\dimen214
\adjbox@Depth=\dimen215
\adjbox@Totalheight=\dimen216
)
(/usr/share/texlive/texmf-dist/tex/latex/booktabs/booktabs.sty
Package: booktabs 2005/04/14 v1.61803 publication quality tables
\heavyrulewidth=\dimen217
\lightrulewidth=\dimen218
\cmidrulewidth=\dimen219
\belowrulesep=\dimen220
\belowbottomsep=\dimen221
\aboverulesep=\dimen222
\abovetopsep=\dimen223
\cmidrulesep=\dimen224
\cmidrulekern=\dimen225
\defaultaddspace=\dimen226
\@cmidla=\count183
\@cmidlb=\count184
\@aboverulesep=\dimen227
\@belowrulesep=\dimen228
\@thisruleclass=\count185
\@lastruleclass=\count186
\@thisrulewidth=\dimen229
)
(/home/razvan/texmf/tex/generic/pgf/frontendlayer/tikz/libraries/tikzlibrarysha
pes.symbols.code.tex
File: tikzlibraryshapes.symbols.code.tex 2008/01/09 v3.0.1a (rcs-revision 1.1)

(/home/razvan/texmf/tex/generic/pgf/libraries/shapes/pgflibraryshapes.symbols.c
ode.tex
File: pgflibraryshapes.symbols.code.tex 2013/09/11 v3.0.1a (rcs-revision 1.6)
))
(/home/razvan/texmf/tex/generic/pgf/frontendlayer/tikz/libraries/tikzlibrarysha
pes.callouts.code.tex
(/home/razvan/texmf/tex/generic/pgf/libraries/shapes/pgflibraryshapes.callouts.
code.tex))
(/home/razvan/texmf/tex/generic/pgf/frontendlayer/tikz/libraries/tikzlibrarysha
pes.code.tex
File: tikzlibraryshapes.code.tex 2008/01/09 v3.0.1a (rcs-revision 1.1)

(/home/razvan/texmf/tex/generic/pgf/frontendlayer/tikz/libraries/tikzlibrarysha
pes.misc.code.tex
File: tikzlibraryshapes.misc.code.tex 2008/01/09 v3.0.1a (rcs-revision 1.1)

(/home/razvan/texmf/tex/generic/pgf/libraries/shapes/pgflibraryshapes.misc.code
.tex
File: pgflibraryshapes.misc.code.tex 2013/07/18 v3.0.1a (rcs-revision 1.5)
))
(/home/razvan/texmf/tex/generic/pgf/frontendlayer/tikz/libraries/tikzlibrarysha
pes.arrows.code.tex
File: tikzlibraryshapes.arrows.code.tex 2008/01/09 v3.0.1a (rcs-revision 1.1)

(/home/razvan/texmf/tex/generic/pgf/libraries/shapes/pgflibraryshapes.arrows.co
de.tex
File: pgflibraryshapes.arrows.code.tex 2008/06/26 v3.0.1a (rcs-revision 1.1)
))
(/home/razvan/texmf/tex/generic/pgf/frontendlayer/tikz/libraries/tikzlibrarysha
pes.multipart.code.tex
File: tikzlibraryshapes.multipart.code.tex 2008/01/09 v3.0.1a (rcs-revision 1.1
)

(/home/razvan/texmf/tex/generic/pgf/libraries/shapes/pgflibraryshapes.multipart
.code.tex
File: pgflibraryshapes.multipart.code.tex 2010/01/07 v3.0.1a (rcs-revision 1.2)

\pgfnodepartlowerbox=\box62
\pgfnodeparttwobox=\box63
\pgfnodepartthreebox=\box64
\pgfnodepartfourbox=\box65
\pgfnodeparttwentybox=\box66
\pgfnodepartnineteenbox=\box67
\pgfnodeparteighteenbox=\box68
\pgfnodepartseventeenbox=\box69
\pgfnodepartsixteenbox=\box70
\pgfnodepartfifteenbox=\box71
\pgfnodepartfourteenbox=\box72
\pgfnodepartthirteenbox=\box73
\pgfnodeparttwelvebox=\box74
\pgfnodepartelevenbox=\box75
\pgfnodeparttenbox=\box76
\pgfnodepartninebox=\box77
\pgfnodeparteightbox=\box78
\pgfnodepartsevenbox=\box79
\pgfnodepartsixbox=\box80
\pgfnodepartfivebox=\box81
)))
(/home/razvan/texmf/tex/generic/pgf/frontendlayer/tikz/libraries/tikzlibrarycha
ins.code.tex
File: tikzlibrarychains.code.tex 2013/07/15 v3.0.1a (rcs-revision 1.6)
)
(/home/razvan/texmf/tex/generic/pgf/frontendlayer/tikz/libraries/tikzlibraryfad
ings.code.tex
File: tikzlibraryfadings.code.tex 2009/11/15 v3.0.1a (rcs-revision 1.2)

(/home/razvan/texmf/tex/generic/pgf/libraries/pgflibraryfadings.code.tex
File: pgflibraryfadings.code.tex 2008/02/07 v3.0.1a (rcs-revision 1.3)
))

Package hyperref Warning: Token not allowed in a PDF string (PDFDocEncoding):
(hyperref)                removing `\\' on input line 42.

(./pres.aux)
\openout1 = `pres.aux'.

LaTeX Font Info:    Checking defaults for OML/cmm/m/it on input line 115.
LaTeX Font Info:    ... okay on input line 115.
LaTeX Font Info:    Checking defaults for T1/cmr/m/n on input line 115.
LaTeX Font Info:    ... okay on input line 115.
LaTeX Font Info:    Checking defaults for OT1/cmr/m/n on input line 115.
LaTeX Font Info:    ... okay on input line 115.
LaTeX Font Info:    Checking defaults for OMS/cmsy/m/n on input line 115.
LaTeX Font Info:    ... okay on input line 115.
LaTeX Font Info:    Checking defaults for OMX/cmex/m/n on input line 115.
LaTeX Font Info:    ... okay on input line 115.
LaTeX Font Info:    Checking defaults for U/cmr/m/n on input line 115.
LaTeX Font Info:    ... okay on input line 115.
LaTeX Font Info:    Checking defaults for PD1/pdf/m/n on input line 115.
LaTeX Font Info:    ... okay on input line 115.
LaTeX Font Info:    Try loading font information for OT1+phv on input line 115.

 (/usr/share/texlive/texmf-dist/tex/latex/psnfss/ot1phv.fd
File: ot1phv.fd 2001/06/04 scalable font definitions for OT1/phv.
)
*geometry* driver: auto-detecting
*geometry* detected driver: pdftex
*geometry* verbose mode - [ preamble ] result:
* driver: pdftex
* paper: custom
* layout: <same size as paper>
* layoutoffset:(h,v)=(0.0pt,0.0pt)
* modes: includehead includefoot 
* h-part:(L,W,R)=(10.0pt, 344.19536pt, 10.0pt)
* v-part:(T,H,B)=(0.0pt, 273.14662pt, 0.0pt)
* \paperwidth=364.19536pt
* \paperheight=273.14662pt
* \textwidth=344.19536pt
* \textheight=244.6939pt
* \oddsidemargin=-62.26999pt
* \evensidemargin=-62.26999pt
* \topmargin=-72.26999pt
* \headheight=14.22636pt
* \headsep=0.0pt
* \topskip=9.0pt
* \footskip=14.22636pt
* \marginparwidth=4.0pt
* \marginparsep=10.0pt
* \columnsep=10.0pt
* \skip\footins=7.0pt plus 4.0pt minus 2.0pt
* \hoffset=0.0pt
* \voffset=0.0pt
* \mag=1000
* \@twocolumnfalse
* \@twosidefalse
* \@mparswitchfalse
* \@reversemarginfalse
* (1in=72.27pt=25.4mm, 1cm=28.453pt)

(/usr/share/texlive/texmf-dist/tex/context/base/supp-pdf.mkii
[Loading MPS to PDF converter (version 2006.09.02).]
\scratchcounter=\count187
\scratchdimen=\dimen230
\scratchbox=\box82
\nofMPsegments=\count188
\nofMParguments=\count189
\everyMPshowfont=\toks50
\MPscratchCnt=\count190
\MPscratchDim=\dimen231
\MPnumerator=\count191
\makeMPintoPDFobject=\count192
\everyMPtoPDFconversion=\toks51
) (/usr/share/texlive/texmf-dist/tex/latex/oberdiek/epstopdf-base.sty
Package: epstopdf-base 2010/02/09 v2.5 Base part for package epstopdf

(/usr/share/texlive/texmf-dist/tex/latex/oberdiek/grfext.sty
Package: grfext 2010/08/19 v1.1 Manage graphics extensions (HO)
)
Package grfext Info: Graphics extension search list:
(grfext)             [.png,.pdf,.jpg,.mps,.jpeg,.jbig2,.jb2,.PNG,.PDF,.JPG,.JPE
G,.JBIG2,.JB2,.eps]
(grfext)             \AppendGraphicsExtensions on input line 452.

(/usr/share/texlive/texmf-dist/tex/latex/latexconfig/epstopdf-sys.cfg
File: epstopdf-sys.cfg 2010/07/13 v1.3 Configuration of (r)epstopdf for TeX Liv
e
))
ABD: EveryShipout initializing macros
\AtBeginShipoutBox=\box83
Package hyperref Info: Link coloring OFF on input line 115.

(/usr/share/texlive/texmf-dist/tex/latex/hyperref/nameref.sty
Package: nameref 2012/10/27 v2.43 Cross-referencing by name of section

(/usr/share/texlive/texmf-dist/tex/generic/oberdiek/gettitlestring.sty
Package: gettitlestring 2010/12/03 v1.4 Cleanup title references (HO)
)
\c@section@level=\count193
)
LaTeX Info: Redefining \ref on input line 115.
LaTeX Info: Redefining \pageref on input line 115.
LaTeX Info: Redefining \nameref on input line 115.

(./pres.out) (./pres.out)
\@outlinefile=\write5
\openout5 = `pres.out'.

LaTeX Font Info:    Overwriting symbol font `operators' in version `normal'
(Font)                  OT1/cmr/m/n --> OT1/cmss/m/n on input line 115.
LaTeX Font Info:    Overwriting symbol font `operators' in version `bold'
(Font)                  OT1/cmr/bx/n --> OT1/cmss/bx/n on input line 115.
\symnumbers=\mathgroup6
\sympureletters=\mathgroup7
LaTeX Font Info:    Overwriting math alphabet `\mathrm' in version `normal'
(Font)                  OT1/cmss/m/n --> OT1/cmr/m/n on input line 115.
LaTeX Font Info:    Redeclaring math alphabet \mathbf on input line 115.
LaTeX Font Info:    Overwriting math alphabet `\mathbf' in version `normal'
(Font)                  OT1/cmr/bx/n --> OT1/phv/bx/n on input line 115.
LaTeX Font Info:    Overwriting math alphabet `\mathbf' in version `bold'
(Font)                  OT1/cmr/bx/n --> OT1/phv/bx/n on input line 115.
LaTeX Font Info:    Redeclaring math alphabet \mathsf on input line 115.
LaTeX Font Info:    Overwriting math alphabet `\mathsf' in version `normal'
(Font)                  OT1/cmss/m/n --> OT1/phv/m/n on input line 115.
LaTeX Font Info:    Overwriting math alphabet `\mathsf' in version `bold'
(Font)                  OT1/cmss/bx/n --> OT1/phv/m/n on input line 115.
LaTeX Font Info:    Redeclaring math alphabet \mathit on input line 115.
LaTeX Font Info:    Overwriting math alphabet `\mathit' in version `normal'
(Font)                  OT1/cmr/m/it --> OT1/phv/m/it on input line 115.
LaTeX Font Info:    Overwriting math alphabet `\mathit' in version `bold'
(Font)                  OT1/cmr/bx/it --> OT1/phv/m/it on input line 115.
LaTeX Font Info:    Redeclaring math alphabet \mathtt on input line 115.
LaTeX Font Info:    Overwriting math alphabet `\mathtt' in version `normal'
(Font)                  OT1/cmtt/m/n --> OT1/cmtt/m/n on input line 115.
LaTeX Font Info:    Overwriting math alphabet `\mathtt' in version `bold'
(Font)                  OT1/cmtt/m/n --> OT1/cmtt/m/n on input line 115.
LaTeX Font Info:    Overwriting symbol font `numbers' in version `bold'
(Font)                  OT1/phv/m/n --> OT1/phv/bx/n on input line 115.
LaTeX Font Info:    Overwriting symbol font `pureletters' in version `bold'
(Font)                  OT1/phv/m/it --> OT1/phv/bx/it on input line 115.
LaTeX Font Info:    Overwriting math alphabet `\mathrm' in version `bold'
(Font)                  OT1/cmss/bx/n --> OT1/cmr/bx/n on input line 115.
LaTeX Font Info:    Overwriting math alphabet `\mathbf' in version `bold'
(Font)                  OT1/phv/bx/n --> OT1/phv/bx/n on input line 115.
LaTeX Font Info:    Overwriting math alphabet `\mathsf' in version `bold'
(Font)                  OT1/phv/m/n --> OT1/phv/bx/n on input line 115.
LaTeX Font Info:    Overwriting math alphabet `\mathit' in version `bold'
(Font)                  OT1/phv/m/it --> OT1/phv/bx/it on input line 115.
LaTeX Font Info:    Overwriting math alphabet `\mathtt' in version `bold'
(Font)                  OT1/cmtt/m/n --> OT1/cmtt/bx/n on input line 115.

(/usr/share/texmf/tex/latex/beamer/base/translator/dicts/translator-basic-dicti
onary/translator-basic-dictionary-English.dict
Dictionary: translator-basic-dictionary, Language: English 
)
(/usr/share/texmf/tex/latex/beamer/base/translator/dicts/translator-bibliograph
y-dictionary/translator-bibliography-dictionary-English.dict
Dictionary: translator-bibliography-dictionary, Language: English 
)
(/usr/share/texmf/tex/latex/beamer/base/translator/dicts/translator-environment
-dictionary/translator-environment-dictionary-English.dict
Dictionary: translator-environment-dictionary, Language: English 
)
(/usr/share/texmf/tex/latex/beamer/base/translator/dicts/translator-months-dict
ionary/translator-months-dictionary-English.dict
Dictionary: translator-months-dictionary, Language: English 
)
(/usr/share/texmf/tex/latex/beamer/base/translator/dicts/translator-numbers-dic
tionary/translator-numbers-dictionary-English.dict
Dictionary: translator-numbers-dictionary, Language: English 
)
(/usr/share/texmf/tex/latex/beamer/base/translator/dicts/translator-theorem-dic
tionary/translator-theorem-dictionary-English.dict
Dictionary: translator-theorem-dictionary, Language: English 
)
LaTeX Info: Redefining \includegraphics on input line 115.
Package caption Info: Begin \AtBeginDocument code.
Package caption Info: rotating package is loaded.
Package caption Info: End \AtBeginDocument code.
 (./pres.nav)
LaTeX Font Info:    Try loading font information for U+msa on input line 119.

(/usr/share/texlive/texmf-dist/tex/latex/amsfonts/umsa.fd
File: umsa.fd 2013/01/14 v3.01 AMS symbols A
)
LaTeX Font Info:    Try loading font information for U+msb on input line 119.

(/usr/share/texlive/texmf-dist/tex/latex/amsfonts/umsb.fd
File: umsb.fd 2013/01/14 v3.01 AMS symbols B
)
LaTeX Font Info:    Font shape `OT1/phv/m/it' in size <8> not available
(Font)              Font shape `OT1/phv/m/sl' tried instead on input line 119.
LaTeX Font Info:    Font shape `OT1/phv/m/it' in size <6> not available
(Font)              Font shape `OT1/phv/m/sl' tried instead on input line 119.
LaTeX Font Info:    Font shape `OT1/phv/m/it' in size <5> not available
(Font)              Font shape `OT1/phv/m/sl' tried instead on input line 119.
LaTeX Font Info:    Font shape `OT1/phv/m/it' in size <7> not available
(Font)              Font shape `OT1/phv/m/sl' tried instead on input line 119.

<epsrc_logo.jpg, id=59, 602.25pt x 352.31625pt>
File: epsrc_logo.jpg Graphic file (type jpg)
 <use epsrc_logo.jpg>
Package pdftex.def Info: epsrc_logo.jpg used on input line 119.
(pdftex.def)             Requested size: 48.63127pt x 28.45274pt.

<NEWpond2017b.png, id=60, 570.13pt x 302.12875pt>
File: NEWpond2017b.png Graphic file (type png)
 <use NEWpond2017b.png>
Package pdftex.def Info: NEWpond2017b.png used on input line 119.
(pdftex.def)             Requested size: 80.531pt x 42.67912pt.

<pondLogo.png, id=61, 101.178pt x 30.3534pt>
File: pondLogo.png Graphic file (type png)
 <use pondLogo.png>
Package pdftex.def Info: pondLogo.png used on input line 119.
(pdftex.def)             Requested size: 94.84795pt x 28.45274pt.

<uclheader.pdf, id=62, 2679.79048pt x 220.48225pt>
File: uclheader.pdf Graphic file (type pdf)
 <use uclheader.pdf>
Package pdftex.def Info: uclheader.pdf used on input line 119.
(pdftex.def)             Requested size: 364.19536pt x 29.96231pt.
 [1

{/var/lib/texmf/fonts/map/pdftex/updmap/pdftex.map} <./uclheader.pdf> <./epsrc_
logo.jpg> <./NEWpond2017b.png> <./pondLogo.png>]
LaTeX Font Info:    Font shape `OT1/phv/bx/n' in size <8> not available
(Font)              Font shape `OT1/phv/b/n' tried instead on input line 171.

<seeley_2009_topleft.png, id=84, 280.04625pt x 330.23375pt>
File: seeley_2009_topleft.png Graphic file (type png)

<use seeley_2009_topleft.png>
Package pdftex.def Info: seeley_2009_topleft.png used on input line 171.
(pdftex.def)             Requested size: 51.62982pt x 67.13902pt.

<bilgel_neuroimage.jpg, id=86, 456.7464pt x 67.2111pt>
File: bilgel_neuroimage.jpg Graphic file (type jpg)

<use bilgel_neuroimage.jpg>
Package pdftex.def Info: bilgel_neuroimage.jpg used on input line 171.
(pdftex.def)             Requested size: 82.60802pt x 58.20346pt.

<biomkStepFunctions.png, id=88, 462.528pt x 346.896pt>
File: biomkStepFunctions.png Graphic file (type png)

<use biomkStepFunctions.png>
Package pdftex.def Info: biomkStepFunctions.png used on input line 171.
(pdftex.def)             Requested size: 82.60802pt x 56.57385pt.
LaTeX Font Info:    Try loading font information for OMS+phv on input line 171.


(/usr/share/texlive/texmf-dist/tex/latex/psnfss/omsphv.fd
File: omsphv.fd 
)
LaTeX Font Info:    Font shape `OMS/phv/m/n' in size <7> not available
(Font)              Font shape `OMS/cmsy/m/n' tried instead on input line 171.
File: uclheader.pdf Graphic file (type pdf)
 <use uclheader.pdf>
Package pdftex.def Info: uclheader.pdf used on input line 171.
(pdftex.def)             Requested size: 364.19536pt x 29.96231pt.

[2

 <./seeley_2009_topleft.png> <./bilgel_neuroimage.jpg> <./biomkStepFunctions.pn
g>]
<clust24_drcThFWHM0InitfsurfCl4Pr0Ra1Mrf5_VWDPMStaticPCA.png, id=103, 602.25pt 
x 451.6875pt>
File: clust24_drcThFWHM0InitfsurfCl4Pr0Ra1Mrf5_VWDPMStaticPCA.png Graphic file 
(type png)

<use clust24_drcThFWHM0InitfsurfCl4Pr0Ra1Mrf5_VWDPMStaticPCA.png>
Package pdftex.def Info: clust24_drcThFWHM0InitfsurfCl4Pr0Ra1Mrf5_VWDPMStaticPC
A.png used on input line 213.
(pdftex.def)             Requested size: 60.22852pt x 45.17139pt.

<clust24_drcThFWHM0Initk-meansCl4Pr0Ra1Mrf5_VDPM_MRFPCA.png, id=104, 602.25pt x
 451.6875pt>
File: clust24_drcThFWHM0Initk-meansCl4Pr0Ra1Mrf5_VDPM_MRFPCA.png Graphic file (
type png)
 <use clust24_drcThFWHM0Initk-meansCl4Pr0Ra1Mrf5_VDPM_MRFPCA.png>
Package pdftex.def Info: clust24_drcThFWHM0Initk-meansCl4Pr0Ra1Mrf5_VDPM_MRFPCA
.png used on input line 213.
(pdftex.def)             Requested size: 60.22852pt x 45.17139pt.

<seeley_connectivity_overlap.jpg, id=105, 431.70132pt x 271.81195pt>
File: seeley_connectivity_overlap.jpg Graphic file (type jpg)

<use seeley_connectivity_overlap.jpg>
Package pdftex.def Info: seeley_connectivity_overlap.jpg used on input line 213
.
(pdftex.def)             Requested size: 172.09767pt x 74.34546pt.
File: uclheader.pdf Graphic file (type pdf)
 <use uclheader.pdf>
Package pdftex.def Info: uclheader.pdf used on input line 213.
(pdftex.def)             Requested size: 364.19536pt x 29.96231pt.
 [3

 <./seeley_connectivity_overlap.jpg> <./clust24_drcThFWHM0InitfsurfCl4Pr0Ra1Mrf
5_VWDPMStaticPCA.png> <./clust24_drcThFWHM0Initk-meansCl4Pr0Ra1Mrf5_VDPM_MRFPCA
.png>]
LaTeX Font Info:    Font shape `OT1/phv/bx/n' in size <7> not available
(Font)              Font shape `OT1/phv/b/n' tried instead on input line 276.

<young_progression2.png, id=116, 908.39375pt x 131.49126pt>
File: young_progression2.png Graphic file (type png)

<use young_progression2.png>
Package pdftex.def Info: young_progression2.png used on input line 276.
(pdftex.def)             Requested size: 91.38779pt x 26.30981pt.
File: young_progression2.png Graphic file (type png)
 <use young_progression2.png>
Package pdftex.def Info: young_progression2.png used on input line 276.
(pdftex.def)             Requested size: 91.38779pt x 26.30981pt.

<young_positional_variance.jpg, id=119, 43.00066pt x 36.6168pt>
File: young_positional_variance.jpg Graphic file (type jpg)

<use young_positional_variance.jpg>
Package pdftex.def Info: young_positional_variance.jpg used on input line 276.
(pdftex.def)             Requested size: 64.12997pt x 54.60992pt.

<dps_diagram.jpg, id=120, 428.50354pt x 240.47363pt>
File: dps_diagram.jpg Graphic file (type jpg)
 <use dps_diagram.jpg>
Package pdftex.def Info: dps_diagram.jpg used on input line 276.
(pdftex.def)             Requested size: 128.26239pt x 47.94241pt.

<schiratti.png, id=122, 698.61pt x 538.01pt>
File: schiratti.png Graphic file (type png)
 <use schiratti.png>
Package pdftex.def Info: schiratti.png used on input line 276.
(pdftex.def)             Requested size: 160.3274pt x 61.27353pt.

<semor_diagram_cropped.jpg, id=124, 243.67142pt x 149.0169pt>
File: semor_diagram_cropped.jpg Graphic file (type jpg)

<use semor_diagram_cropped.jpg>
Package pdftex.def Info: semor_diagram_cropped.jpg used on input line 276.
(pdftex.def)             Requested size: 128.26239pt x 78.44196pt.
File: uclheader.pdf Graphic file (type pdf)
 <use uclheader.pdf>
Package pdftex.def Info: uclheader.pdf used on input line 276.
(pdftex.def)             Requested size: 364.19536pt x 29.96231pt.
 [4

 <./young_progression2.png> <./dps_diagram.jpg> <./schiratti.png> <./young_posi
tional_variance.jpg> <./semor_diagram_cropped.jpg>]
File: bilgel_neuroimage.jpg Graphic file (type jpg)
 <use bilgel_neuroimage.jpg>
Package pdftex.def Info: bilgel_neuroimage.jpg used on input line 303.
(pdftex.def)             Requested size: 292.56815pt x 43.05392pt.
File: uclheader.pdf Graphic file (type pdf)
 <use uclheader.pdf>
Package pdftex.def Info: uclheader.pdf used on input line 303.
(pdftex.def)             Requested size: 364.19536pt x 29.96231pt.

[5

]
LaTeX Font Info:    Font shape `OMS/phv/m/n' in size <6> not available
(Font)              Font shape `OMS/cmsy/m/n' tried instead on input line 370.
 <disease_axis.png, id=141, 593.21625pt x 460.72125pt>
File: disease_axis.png Graphic file (type png)

<use disease_axis.png>
Package pdftex.def Info: disease_axis.png used on input line 370.
(pdftex.def)             Requested size: 88.97859pt x 69.1052pt.

Overfull \hbox (2.92976pt too wide) in paragraph at lines 370--370
 [] 
 []

File: uclheader.pdf Graphic file (type pdf)
<use uclheader.pdf>
Package pdftex.def Info: uclheader.pdf used on input line 370.
(pdftex.def)             Requested size: 364.19536pt x 29.96231pt.
 [6

 <./disease_axis.png>]
<Disease_progression_one_sigmoid_confidence.png, id=154, 681.54625pt x 696.6025
pt>
File: Disease_progression_one_sigmoid_confidence.png Graphic file (type png)
 <use Disease_progression_one_sigmoid_confidence.png>
Package pdftex.def Info: Disease_progression_one_sigmoid_confidence.png used on
 input line 429.
(pdftex.def)             Requested size: 61.68997pt x 97.52368pt.
File: uclheader.pdf Graphic file (type pdf)
 <use uclheader.pdf>
Package pdftex.def Info: uclheader.pdf used on input line 429.
(pdftex.def)             Requested size: 364.19536pt x 29.96231pt.

[7

 <./Disease_progression_one_sigmoid_confidence.png>]
<modelDiagram/sigManyBiomkClustering.png, id=164, 462.528pt x 346.896pt>
File: modelDiagram/sigManyBiomkClustering.png Graphic file (type png)

<use modelDiagram/sigManyBiomkClustering.png>
Package pdftex.def Info: modelDiagram/sigManyBiomkClustering.png used on input 
line 493.
(pdftex.def)             Requested size: 48.75818pt x 60.85951pt.
File: uclheader.pdf Graphic file (type pdf)
 <use uclheader.pdf>
Package pdftex.def Info: uclheader.pdf used on input line 493.
(pdftex.def)             Requested size: 364.19536pt x 29.96231pt.
 [8

 <./modelDiagram/sigManyBiomkClustering.png>]
Overfull \hbox (5.33951pt too wide) detected at line 591
\OT1/phv/m/sl/7 p\OT1/cmss/m/n/7 (\OT1/phv/m/sl/7 V\OMS/cmsy/m/n/7 j\OML/cmm/m/
it/7 ; ^^L; ^^R; ^^[\OT1/cmss/m/n/7 ) = [] [] \OT1/phv/m/sl/7 p\OT1/cmss/m/n/7
 (\OT1/phv/m/sl/7 Z[] \OT1/cmss/m/n/7 = \OT1/phv/m/sl/7 k\OT1/cmss/m/n/7 ) [] \
OT1/phv/m/sl/7 N\OT1/cmss/m/n/7 (\OT1/phv/m/sl/7 V[]\OMS/cmsy/m/n/7 j\OT1/phv/m
/sl/7 f\OT1/cmss/m/n/7 (\OML/cmm/m/it/7 []\OT1/phv/m/sl/7 t[] \OT1/cmss/m/n/7 
+ \OML/cmm/m/it/7 ^^L[] \OT1/cmss/m/n/7 ; \OML/cmm/m/it/7 ^^R[]\OT1/cmss/m/n/7 
)\OML/cmm/m/it/7 ; ^^[[]\OT1/cmss/m/n/7 )
 []

<modelDiagram/sig0.png, id=173, 462.528pt x 346.896pt>
File: modelDiagram/sig0.png Graphic file (type png)

<use modelDiagram/sig0.png>
Package pdftex.def Info: modelDiagram/sig0.png used on input line 591.
(pdftex.def)             Requested size: 25.76073pt x 22.1311pt.

<modelDiagram/sig1.png, id=174, 462.528pt x 346.896pt>
File: modelDiagram/sig1.png Graphic file (type png)

<use modelDiagram/sig1.png>
Package pdftex.def Info: modelDiagram/sig1.png used on input line 591.
(pdftex.def)             Requested size: 25.76073pt x 22.1311pt.

<modelDiagram/sig2.png, id=175, 462.528pt x 346.896pt>
File: modelDiagram/sig2.png Graphic file (type png)

<use modelDiagram/sig2.png>
Package pdftex.def Info: modelDiagram/sig2.png used on input line 591.
(pdftex.def)             Requested size: 25.76073pt x 22.1311pt.

<modelDiagram/brain.png, id=176, 800.9925pt x 639.38875pt>
File: modelDiagram/brain.png Graphic file (type png)

<use modelDiagram/brain.png>
Package pdftex.def Info: modelDiagram/brain.png used on input line 591.
(pdftex.def)             Requested size: 48.05746pt x 38.36166pt.

Overfull \hbox (6.26999pt too wide) in paragraph at lines 591--591
 [] 
 []

File: uclheader.pdf Graphic file (type pdf)
<use uclheader.pdf>
Package pdftex.def Info: uclheader.pdf used on input line 591.
(pdftex.def)             Requested size: 364.19536pt x 29.96231pt.
 [9

 <./modelDiagram/sig0.png> <./modelDiagram/sig1.png> <./modelDiagram/sig2.png> 
<./modelDiagram/brain.png>]
File: uclheader.pdf Graphic file (type pdf)
 <use uclheader.pdf>
Package pdftex.def Info: uclheader.pdf used on input line 643.
(pdftex.def)             Requested size: 364.19536pt x 29.96231pt.
 [10

]
File: uclheader.pdf Graphic file (type pdf)

<use uclheader.pdf>
Package pdftex.def Info: uclheader.pdf used on input line 679.
(pdftex.def)             Requested size: 364.19536pt x 29.96231pt.
 [11

]
File: uclheader.pdf Graphic file (type pdf)
 <use uclheader.pdf>
Package pdftex.def Info: uclheader.pdf used on input line 705.
(pdftex.def)             Requested size: 364.19536pt x 29.96231pt.
 [12

]
<figures/synThetaRes_gensigInitk-meansCl3Pr1Ra0_VWDPMStd.png, id=210, 813.0375p
t x 294.1389pt>
File: figures/synThetaRes_gensigInitk-meansCl3Pr1Ra0_VWDPMStd.png Graphic file 
(type png)

<use figures/synThetaRes_gensigInitk-meansCl3Pr1Ra0_VWDPMStd.png>
Package pdftex.def Info: figures/synThetaRes_gensigInitk-meansCl3Pr1Ra0_VWDPMSt
d.png used on input line 746.
(pdftex.def)             Requested size: 258.14651pt x 93.3903pt.

<figures/synShiftsRes_gensigInitk-meansCl3Pr1Ra0_VWDPMStd.png, id=211, 406.1574
pt x 370.0224pt>
File: figures/synShiftsRes_gensigInitk-meansCl3Pr1Ra0_VWDPMStd.png Graphic file
 (type png)

<use figures/synShiftsRes_gensigInitk-meansCl3Pr1Ra0_VWDPMStd.png>
Package pdftex.def Info: figures/synShiftsRes_gensigInitk-meansCl3Pr1Ra0_VWDPMS
td.png used on input line 746.
(pdftex.def)             Requested size: 90.87013pt x 82.78282pt.

Overfull \hbox (8.26137pt too wide) in paragraph at lines 746--746
 [][] 
 []

File: uclheader.pdf Graphic file (type pdf)
<use uclheader.pdf>
Package pdftex.def Info: uclheader.pdf used on input line 746.
(pdftex.def)             Requested size: 364.19536pt x 29.96231pt.
 [13

 <./figures/synThetaRes_gensigInitk-meansCl3Pr1Ra0_VWDPMStd.png> <./figures/syn
ShiftsRes_gensigInitk-meansCl3Pr1Ra0_VWDPMStd.png>]
<figures/synth/correctVertices_trajCent.png, id=225, 462.528pt x 346.896pt>
File: figures/synth/correctVertices_trajCent.png Graphic file (type png)

<use figures/synth/correctVertices_trajCent.png>
Package pdftex.def Info: figures/synth/correctVertices_trajCent.png used on inp
ut line 802.
(pdftex.def)             Requested size: 101.75647pt x 76.31735pt.

<figures/synth/correctVertices_nrClust.png, id=226, 462.528pt x 346.896pt>
File: figures/synth/correctVertices_nrClust.png Graphic file (type png)

<use figures/synth/correctVertices_nrClust.png>
Package pdftex.def Info: figures/synth/correctVertices_nrClust.png used on inpu
t line 802.
(pdftex.def)             Requested size: 101.75647pt x 76.31735pt.

<figures/synth/correctVertices_nrSubj.png, id=227, 462.528pt x 346.896pt>
File: figures/synth/correctVertices_nrSubj.png Graphic file (type png)

<use figures/synth/correctVertices_nrSubj.png>
Package pdftex.def Info: figures/synth/correctVertices_nrSubj.png used on input
 line 802.
(pdftex.def)             Requested size: 101.75647pt x 76.31735pt.
File: uclheader.pdf Graphic file (type pdf)
 <use uclheader.pdf>
Package pdftex.def Info: uclheader.pdf used on input line 802.
(pdftex.def)             Requested size: 364.19536pt x 29.96231pt.
 [14

 <./figures/synth/correctVertices_trajCent.png> <./figures/synth/correctVertice
s_nrClust.png> <./figures/synth/correctVertices_nrSubj.png>]
File: uclheader.pdf Graphic file (type pdf)
 <use uclheader.pdf>
Package pdftex.def Info: uclheader.pdf used on input line 854.
(pdftex.def)             Requested size: 364.19536pt x 29.96231pt.

[15

]
<figures/blend14_adniThavgFWHM0InithistCl3Pr0Ra1_VWDPMStd.png, id=249, 602.25pt
 x 451.6875pt>
File: figures/blend14_adniThavgFWHM0InithistCl3Pr0Ra1_VWDPMStd.png Graphic file
 (type png)

<use figures/blend14_adniThavgFWHM0InithistCl3Pr0Ra1_VWDPMStd.png>
Package pdftex.def Info: figures/blend14_adniThavgFWHM0InithistCl3Pr0Ra1_VWDPMS
td.png used on input line 966.
(pdftex.def)             Requested size: 103.25964pt x 77.44061pt.

<figures/drcThavgFWHM0InithistCl3Pr0Ra1_VWDPMStdAD_blend24.png, id=250, 602.25p
t x 451.6875pt>
File: figures/drcThavgFWHM0InithistCl3Pr0Ra1_VWDPMStdAD_blend24.png Graphic fil
e (type png)

<use figures/drcThavgFWHM0InithistCl3Pr0Ra1_VWDPMStdAD_blend24.png>
Package pdftex.def Info: figures/drcThavgFWHM0InithistCl3Pr0Ra1_VWDPMStdAD_blen
d24.png used on input line 966.
(pdftex.def)             Requested size: 103.25964pt x 77.44061pt.

<figures/drcThavgFWHM0InithistCl3Pr0Ra1_VWDPMStdPCA_blend24.png, id=251, 602.25
pt x 451.6875pt>
File: figures/drcThavgFWHM0InithistCl3Pr0Ra1_VWDPMStdPCA_blend24.png Graphic fi
le (type png)

<use figures/drcThavgFWHM0InithistCl3Pr0Ra1_VWDPMStdPCA_blend24.png>
Package pdftex.def Info: figures/drcThavgFWHM0InithistCl3Pr0Ra1_VWDPMStdPCA_ble
nd24.png used on input line 966.
(pdftex.def)             Requested size: 103.25964pt x 77.44061pt.

<figures/trajSamplesOneFig_adniThavgFWHM0InithistCl3Pr0Ra1_VWDPMStd.png, id=252
, 433.62pt x 330.2739pt>
File: figures/trajSamplesOneFig_adniThavgFWHM0InithistCl3Pr0Ra1_VWDPMStd.png Gr
aphic file (type png)

<use figures/trajSamplesOneFig_adniThavgFWHM0InithistCl3Pr0Ra1_VWDPMStd.png>
Package pdftex.def Info: figures/trajSamplesOneFig_adniThavgFWHM0InithistCl3Pr0
Ra1_VWDPMStd.png used on input line 966.
(pdftex.def)             Requested size: 92.93304pt x 70.78072pt.

<figures/trajSamplesOneFig_drcThavgFWHM0InithistCl3Pr0Ra1_VWDPMStdAD.png, id=25
3, 433.62pt x 330.2739pt>
File: figures/trajSamplesOneFig_drcThavgFWHM0InithistCl3Pr0Ra1_VWDPMStdAD.png G
raphic file (type png)

<use figures/trajSamplesOneFig_drcThavgFWHM0InithistCl3Pr0Ra1_VWDPMStdAD.png>
Package pdftex.def Info: figures/trajSamplesOneFig_drcThavgFWHM0InithistCl3Pr0R
a1_VWDPMStdAD.png used on input line 966.
(pdftex.def)             Requested size: 92.93304pt x 70.78072pt.

<figures/trajSamplesOneFig_drcThavgFWHM0InithistCl3Pr0Ra1_VWDPMStdPCA.png, id=2
54, 433.62pt x 330.2739pt>
File: figures/trajSamplesOneFig_drcThavgFWHM0InithistCl3Pr0Ra1_VWDPMStdPCA.png 
Graphic file (type png)

<use figures/trajSamplesOneFig_drcThavgFWHM0InithistCl3Pr0Ra1_VWDPMStdPCA.png>
Package pdftex.def Info: figures/trajSamplesOneFig_drcThavgFWHM0InithistCl3Pr0R
a1_VWDPMStdPCA.png used on input line 966.
(pdftex.def)             Requested size: 92.93304pt x 70.78072pt.
File: uclheader.pdf Graphic file (type pdf)

<use uclheader.pdf>
Package pdftex.def Info: uclheader.pdf used on input line 966.
(pdftex.def)             Requested size: 364.19536pt x 29.96231pt.
 [16

 <./figures/blend14_adniThavgFWHM0InithistCl3Pr0Ra1_VWDPMStd.png> <./figures/dr
cThavgFWHM0InithistCl3Pr0Ra1_VWDPMStdAD_blend24.png> <./figures/drcThavgFWHM0In
ithistCl3Pr0Ra1_VWDPMStdPCA_blend24.png> <./figures/trajSamplesOneFig_adniThavg
FWHM0InithistCl3Pr0Ra1_VWDPMStd.png> <./figures/trajSamplesOneFig_drcThavgFWHM0
InithistCl3Pr0Ra1_VWDPMStdAD.png> <./figures/trajSamplesOneFig_drcThavgFWHM0Ini
thistCl3Pr0Ra1_VWDPMStdPCA.png>]
File: figures/blend14_adniThavgFWHM0InithistCl3Pr0Ra1_VWDPMStd.png Graphic file
 (type png)

<use figures/blend14_adniThavgFWHM0InithistCl3Pr0Ra1_VWDPMStd.png>
Package pdftex.def Info: figures/blend14_adniThavgFWHM0InithistCl3Pr0Ra1_VWDPMS
td.png used on input line 1080.
(pdftex.def)             Requested size: 103.25964pt x 77.44061pt.
File: figures/drcThavgFWHM0InithistCl3Pr0Ra1_VWDPMStdAD_blend24.png Graphic fil
e (type png)

<use figures/drcThavgFWHM0InithistCl3Pr0Ra1_VWDPMStdAD_blend24.png>
Package pdftex.def Info: figures/drcThavgFWHM0InithistCl3Pr0Ra1_VWDPMStdAD_blen
d24.png used on input line 1080.
(pdftex.def)             Requested size: 103.25964pt x 77.44061pt.
File: figures/drcThavgFWHM0InithistCl3Pr0Ra1_VWDPMStdPCA_blend24.png Graphic fi
le (type png)

<use figures/drcThavgFWHM0InithistCl3Pr0Ra1_VWDPMStdPCA_blend24.png>
Package pdftex.def Info: figures/drcThavgFWHM0InithistCl3Pr0Ra1_VWDPMStdPCA_ble
nd24.png used on input line 1080.
(pdftex.def)             Requested size: 103.25964pt x 77.44061pt.
File: figures/trajSamplesOneFig_adniThavgFWHM0InithistCl3Pr0Ra1_VWDPMStd.png Gr
aphic file (type png)

<use figures/trajSamplesOneFig_adniThavgFWHM0InithistCl3Pr0Ra1_VWDPMStd.png>
Package pdftex.def Info: figures/trajSamplesOneFig_adniThavgFWHM0InithistCl3Pr0
Ra1_VWDPMStd.png used on input line 1080.
(pdftex.def)             Requested size: 92.93304pt x 70.78072pt.
File: figures/trajSamplesOneFig_drcThavgFWHM0InithistCl3Pr0Ra1_VWDPMStdAD.png G
raphic file (type png)

<use figures/trajSamplesOneFig_drcThavgFWHM0InithistCl3Pr0Ra1_VWDPMStdAD.png>
Package pdftex.def Info: figures/trajSamplesOneFig_drcThavgFWHM0InithistCl3Pr0R
a1_VWDPMStdAD.png used on input line 1080.
(pdftex.def)             Requested size: 92.93304pt x 70.78072pt.
File: figures/trajSamplesOneFig_drcThavgFWHM0InithistCl3Pr0Ra1_VWDPMStdPCA.png 
Graphic file (type png)

<use figures/trajSamplesOneFig_drcThavgFWHM0InithistCl3Pr0Ra1_VWDPMStdPCA.png>
Package pdftex.def Info: figures/trajSamplesOneFig_drcThavgFWHM0InithistCl3Pr0R
a1_VWDPMStdPCA.png used on input line 1080.
(pdftex.def)             Requested size: 92.93304pt x 70.78072pt.
File: uclheader.pdf Graphic file (type pdf)

<use uclheader.pdf>
Package pdftex.def Info: uclheader.pdf used on input line 1080.
(pdftex.def)             Requested size: 364.19536pt x 29.96231pt.
 [17

]
File: figures/blend14_adniThavgFWHM0InithistCl3Pr0Ra1_VWDPMStd.png Graphic file
 (type png)

<use figures/blend14_adniThavgFWHM0InithistCl3Pr0Ra1_VWDPMStd.png>
Package pdftex.def Info: figures/blend14_adniThavgFWHM0InithistCl3Pr0Ra1_VWDPMS
td.png used on input line 1188.
(pdftex.def)             Requested size: 103.25964pt x 67.65225pt.
File: figures/drcThavgFWHM0InithistCl3Pr0Ra1_VWDPMStdAD_blend24.png Graphic fil
e (type png)

<use figures/drcThavgFWHM0InithistCl3Pr0Ra1_VWDPMStdAD_blend24.png>
Package pdftex.def Info: figures/drcThavgFWHM0InithistCl3Pr0Ra1_VWDPMStdAD_blen
d24.png used on input line 1188.
(pdftex.def)             Requested size: 103.25964pt x 67.65225pt.
File: figures/drcThavgFWHM0InithistCl3Pr0Ra1_VWDPMStdPCA_blend24.png Graphic fi
le (type png)

<use figures/drcThavgFWHM0InithistCl3Pr0Ra1_VWDPMStdPCA_blend24.png>
Package pdftex.def Info: figures/drcThavgFWHM0InithistCl3Pr0Ra1_VWDPMStdPCA_ble
nd24.png used on input line 1188.
(pdftex.def)             Requested size: 103.25964pt x 67.65225pt.
File: figures/trajSamplesOneFig_adniThavgFWHM0InithistCl3Pr0Ra1_VWDPMStd.png Gr
aphic file (type png)

<use figures/trajSamplesOneFig_adniThavgFWHM0InithistCl3Pr0Ra1_VWDPMStd.png>
Package pdftex.def Info: figures/trajSamplesOneFig_adniThavgFWHM0InithistCl3Pr0
Ra1_VWDPMStd.png used on input line 1188.
(pdftex.def)             Requested size: 92.93304pt x 70.78072pt.
File: figures/trajSamplesOneFig_drcThavgFWHM0InithistCl3Pr0Ra1_VWDPMStdAD.png G
raphic file (type png)

<use figures/trajSamplesOneFig_drcThavgFWHM0InithistCl3Pr0Ra1_VWDPMStdAD.png>
Package pdftex.def Info: figures/trajSamplesOneFig_drcThavgFWHM0InithistCl3Pr0R
a1_VWDPMStdAD.png used on input line 1188.
(pdftex.def)             Requested size: 92.93304pt x 70.78072pt.
File: figures/trajSamplesOneFig_drcThavgFWHM0InithistCl3Pr0Ra1_VWDPMStdPCA.png 
Graphic file (type png)

<use figures/trajSamplesOneFig_drcThavgFWHM0InithistCl3Pr0Ra1_VWDPMStdPCA.png>
Package pdftex.def Info: figures/trajSamplesOneFig_drcThavgFWHM0InithistCl3Pr0R
a1_VWDPMStdPCA.png used on input line 1188.
(pdftex.def)             Requested size: 92.93304pt x 70.78072pt.
File: uclheader.pdf Graphic file (type pdf)

<use uclheader.pdf>
Package pdftex.def Info: uclheader.pdf used on input line 1188.
(pdftex.def)             Requested size: 364.19536pt x 29.96231pt.
 [18

]
File: figures/blend14_adniThavgFWHM0InithistCl3Pr0Ra1_VWDPMStd.png Graphic file
 (type png)

<use figures/blend14_adniThavgFWHM0InithistCl3Pr0Ra1_VWDPMStd.png>
Package pdftex.def Info: figures/blend14_adniThavgFWHM0InithistCl3Pr0Ra1_VWDPMS
td.png used on input line 1282.
(pdftex.def)             Requested size: 103.25964pt x 77.44061pt.
File: figures/drcThavgFWHM0InithistCl3Pr0Ra1_VWDPMStdAD_blend24.png Graphic fil
e (type png)

<use figures/drcThavgFWHM0InithistCl3Pr0Ra1_VWDPMStdAD_blend24.png>
Package pdftex.def Info: figures/drcThavgFWHM0InithistCl3Pr0Ra1_VWDPMStdAD_blen
d24.png used on input line 1282.
(pdftex.def)             Requested size: 103.25964pt x 77.44061pt.
File: figures/drcThavgFWHM0InithistCl3Pr0Ra1_VWDPMStdPCA_blend24.png Graphic fi
le (type png)

<use figures/drcThavgFWHM0InithistCl3Pr0Ra1_VWDPMStdPCA_blend24.png>
Package pdftex.def Info: figures/drcThavgFWHM0InithistCl3Pr0Ra1_VWDPMStdPCA_ble
nd24.png used on input line 1282.
(pdftex.def)             Requested size: 103.25964pt x 77.44061pt.

<dickerson_ad_lateral.png, id=285, 300.12125pt x 236.885pt>
File: dickerson_ad_lateral.png Graphic file (type png)

<use dickerson_ad_lateral.png>
Package pdftex.def Info: dickerson_ad_lateral.png used on input line 1282.
(pdftex.def)             Requested size: 78.30507pt x 61.80551pt.

<lehmann_2011_brain.png, id=286, 313.17pt x 305.14pt>
File: lehmann_2011_brain.png Graphic file (type png)

<use lehmann_2011_brain.png>
Package pdftex.def Info: lehmann_2011_brain.png used on input line 1282.
(pdftex.def)             Requested size: 67.11813pt x 65.39429pt.
File: uclheader.pdf Graphic file (type pdf)
 <use uclheader.pdf>
Package pdftex.def Info: uclheader.pdf used on input line 1282.
(pdftex.def)             Requested size: 364.19536pt x 29.96231pt.
 [19

 <./dickerson_ad_lateral.png> <./lehmann_2011_brain.png>]
<..//figures/crossvalid/adniThavgFWHM0Initk-meansCl3Pr0Ra1_VWDPMMean/blend0.png
, id=296, 602.25pt x 451.6875pt>
File: ..//figures/crossvalid/adniThavgFWHM0Initk-meansCl3Pr0Ra1_VWDPMMean/blend
0.png Graphic file (type png)

<use ..//figures/crossvalid/adniThavgFWHM0Initk-meansCl3Pr0Ra1_VWDPMMean/blend0
.png>
Package pdftex.def Info: ..//figures/crossvalid/adniThavgFWHM0Initk-meansCl3Pr0
Ra1_VWDPMMean/blend0.png used on input line 1321.
(pdftex.def)             Requested size: 55.07251pt x 41.29797pt.

<figures/cogCorr/trajSamplesOneFig_cogCorr_adniThFWHM0Initk-meansCl3Pr0Ra1Mrf5_
VWDPMMean_f0.png, id=297, 361.35pt x 289.08pt>
File: figures/cogCorr/trajSamplesOneFig_cogCorr_adniThFWHM0Initk-meansCl3Pr0Ra1
Mrf5_VWDPMMean_f0.png Graphic file (type png)

<use figures/cogCorr/trajSamplesOneFig_cogCorr_adniThFWHM0Initk-meansCl3Pr0Ra1M
rf5_VWDPMMean_f0.png>
Package pdftex.def Info: figures/cogCorr/trajSamplesOneFig_cogCorr_adniThFWHM0I
nitk-meansCl3Pr0Ra1Mrf5_VWDPMMean_f0.png used on input line 1321.
(pdftex.def)             Requested size: 55.07251pt x 40.23265pt.

Underfull \hbox (badness 10000) in paragraph at lines 1321--1321

 []


<..//figures/crossvalid/adniThavgFWHM0Initk-meansCl3Pr0Ra1_VWDPMMean/blend1.png
, id=299, 602.25pt x 451.6875pt>
File: ..//figures/crossvalid/adniThavgFWHM0Initk-meansCl3Pr0Ra1_VWDPMMean/blend
1.png Graphic file (type png)

<use ..//figures/crossvalid/adniThavgFWHM0Initk-meansCl3Pr0Ra1_VWDPMMean/blend1
.png>
Package pdftex.def Info: ..//figures/crossvalid/adniThavgFWHM0Initk-meansCl3Pr0
Ra1_VWDPMMean/blend1.png used on input line 1321.
(pdftex.def)             Requested size: 55.07251pt x 41.29797pt.

<figures/cogCorr/trajSamplesOneFig_cogCorr_adniThFWHM0Initk-meansCl3Pr0Ra1Mrf5_
VWDPMMean_f1.png, id=300, 361.35pt x 289.08pt>
File: figures/cogCorr/trajSamplesOneFig_cogCorr_adniThFWHM0Initk-meansCl3Pr0Ra1
Mrf5_VWDPMMean_f1.png Graphic file (type png)

<use figures/cogCorr/trajSamplesOneFig_cogCorr_adniThFWHM0Initk-meansCl3Pr0Ra1M
rf5_VWDPMMean_f1.png>
Package pdftex.def Info: figures/cogCorr/trajSamplesOneFig_cogCorr_adniThFWHM0I
nitk-meansCl3Pr0Ra1Mrf5_VWDPMMean_f1.png used on input line 1321.
(pdftex.def)             Requested size: 55.07251pt x 40.23265pt.

Underfull \hbox (badness 10000) in paragraph at lines 1321--1321

 []


<..//figures/crossvalid/adniThavgFWHM0Initk-meansCl3Pr0Ra1_VWDPMMean/blend2.png
, id=302, 602.25pt x 451.6875pt>
File: ..//figures/crossvalid/adniThavgFWHM0Initk-meansCl3Pr0Ra1_VWDPMMean/blend
2.png Graphic file (type png)

<use ..//figures/crossvalid/adniThavgFWHM0Initk-meansCl3Pr0Ra1_VWDPMMean/blend2
.png>
Package pdftex.def Info: ..//figures/crossvalid/adniThavgFWHM0Initk-meansCl3Pr0
Ra1_VWDPMMean/blend2.png used on input line 1321.
(pdftex.def)             Requested size: 55.07251pt x 41.29797pt.

<figures/cogCorr/trajSamplesOneFig_cogCorr_adniThFWHM0Initk-meansCl3Pr0Ra1Mrf5_
VWDPMMean_f2.png, id=303, 361.35pt x 289.08pt>
File: figures/cogCorr/trajSamplesOneFig_cogCorr_adniThFWHM0Initk-meansCl3Pr0Ra1
Mrf5_VWDPMMean_f2.png Graphic file (type png)

<use figures/cogCorr/trajSamplesOneFig_cogCorr_adniThFWHM0Initk-meansCl3Pr0Ra1M
rf5_VWDPMMean_f2.png>
Package pdftex.def Info: figures/cogCorr/trajSamplesOneFig_cogCorr_adniThFWHM0I
nitk-meansCl3Pr0Ra1Mrf5_VWDPMMean_f2.png used on input line 1321.
(pdftex.def)             Requested size: 55.07251pt x 40.23265pt.

Underfull \hbox (badness 10000) in paragraph at lines 1321--1321

 []


<..//figures/crossvalid/adniThavgFWHM0Initk-meansCl3Pr0Ra1_VWDPMMean/blend3.png
, id=305, 602.25pt x 451.6875pt>
File: ..//figures/crossvalid/adniThavgFWHM0Initk-meansCl3Pr0Ra1_VWDPMMean/blend
3.png Graphic file (type png)

<use ..//figures/crossvalid/adniThavgFWHM0Initk-meansCl3Pr0Ra1_VWDPMMean/blend3
.png>
Package pdftex.def Info: ..//figures/crossvalid/adniThavgFWHM0Initk-meansCl3Pr0
Ra1_VWDPMMean/blend3.png used on input line 1321.
(pdftex.def)             Requested size: 55.07251pt x 41.29797pt.

<figures/cogCorr/trajSamplesOneFig_cogCorr_adniThFWHM0Initk-meansCl3Pr0Ra1Mrf5_
VWDPMMean_f3.png, id=306, 361.35pt x 289.08pt>
File: figures/cogCorr/trajSamplesOneFig_cogCorr_adniThFWHM0Initk-meansCl3Pr0Ra1
Mrf5_VWDPMMean_f3.png Graphic file (type png)

<use figures/cogCorr/trajSamplesOneFig_cogCorr_adniThFWHM0Initk-meansCl3Pr0Ra1M
rf5_VWDPMMean_f3.png>
Package pdftex.def Info: figures/cogCorr/trajSamplesOneFig_cogCorr_adniThFWHM0I
nitk-meansCl3Pr0Ra1Mrf5_VWDPMMean_f3.png used on input line 1321.
(pdftex.def)             Requested size: 55.07251pt x 40.23265pt.

Underfull \hbox (badness 10000) in paragraph at lines 1321--1321

 []


<..//figures/crossvalid/adniThavgFWHM0Initk-meansCl3Pr0Ra1_VWDPMMean/blend4.png
, id=308, 602.25pt x 451.6875pt>
File: ..//figures/crossvalid/adniThavgFWHM0Initk-meansCl3Pr0Ra1_VWDPMMean/blend
4.png Graphic file (type png)

<use ..//figures/crossvalid/adniThavgFWHM0Initk-meansCl3Pr0Ra1_VWDPMMean/blend4
.png>
Package pdftex.def Info: ..//figures/crossvalid/adniThavgFWHM0Initk-meansCl3Pr0
Ra1_VWDPMMean/blend4.png used on input line 1321.
(pdftex.def)             Requested size: 55.07251pt x 41.29797pt.

<figures/cogCorr/trajSamplesOneFig_cogCorr_adniThFWHM0Initk-meansCl3Pr0Ra1Mrf5_
VWDPMMean_f4.png, id=309, 361.35pt x 289.08pt>
File: figures/cogCorr/trajSamplesOneFig_cogCorr_adniThFWHM0Initk-meansCl3Pr0Ra1
Mrf5_VWDPMMean_f4.png Graphic file (type png)

<use figures/cogCorr/trajSamplesOneFig_cogCorr_adniThFWHM0Initk-meansCl3Pr0Ra1M
rf5_VWDPMMean_f4.png>
Package pdftex.def Info: figures/cogCorr/trajSamplesOneFig_cogCorr_adniThFWHM0I
nitk-meansCl3Pr0Ra1Mrf5_VWDPMMean_f4.png used on input line 1321.
(pdftex.def)             Requested size: 55.07251pt x 40.23265pt.

Underfull \hbox (badness 10000) in paragraph at lines 1321--1321

 []


<..//figures/crossvalid/adniThavgFWHM0Initk-meansCl3Pr0Ra1_VWDPMMean/blend5.png
, id=311, 602.25pt x 451.6875pt>
File: ..//figures/crossvalid/adniThavgFWHM0Initk-meansCl3Pr0Ra1_VWDPMMean/blend
5.png Graphic file (type png)

<use ..//figures/crossvalid/adniThavgFWHM0Initk-meansCl3Pr0Ra1_VWDPMMean/blend5
.png>
Package pdftex.def Info: ..//figures/crossvalid/adniThavgFWHM0Initk-meansCl3Pr0
Ra1_VWDPMMean/blend5.png used on input line 1321.
(pdftex.def)             Requested size: 55.07251pt x 41.29797pt.

<figures/cogCorr/trajSamplesOneFig_cogCorr_adniThFWHM0Initk-meansCl3Pr0Ra1Mrf5_
VWDPMMean_f5.png, id=312, 361.35pt x 289.08pt>
File: figures/cogCorr/trajSamplesOneFig_cogCorr_adniThFWHM0Initk-meansCl3Pr0Ra1
Mrf5_VWDPMMean_f5.png Graphic file (type png)

<use figures/cogCorr/trajSamplesOneFig_cogCorr_adniThFWHM0Initk-meansCl3Pr0Ra1M
rf5_VWDPMMean_f5.png>
Package pdftex.def Info: figures/cogCorr/trajSamplesOneFig_cogCorr_adniThFWHM0I
nitk-meansCl3Pr0Ra1Mrf5_VWDPMMean_f5.png used on input line 1321.
(pdftex.def)             Requested size: 55.07251pt x 40.23265pt.

Underfull \hbox (badness 10000) in paragraph at lines 1321--1321

 []


<..//figures/crossvalid/adniThavgFWHM0Initk-meansCl3Pr0Ra1_VWDPMMean/blend6.png
, id=314, 602.25pt x 451.6875pt>
File: ..//figures/crossvalid/adniThavgFWHM0Initk-meansCl3Pr0Ra1_VWDPMMean/blend
6.png Graphic file (type png)

<use ..//figures/crossvalid/adniThavgFWHM0Initk-meansCl3Pr0Ra1_VWDPMMean/blend6
.png>
Package pdftex.def Info: ..//figures/crossvalid/adniThavgFWHM0Initk-meansCl3Pr0
Ra1_VWDPMMean/blend6.png used on input line 1321.
(pdftex.def)             Requested size: 55.07251pt x 41.29797pt.

<figures/cogCorr/trajSamplesOneFig_cogCorr_adniThFWHM0Initk-meansCl3Pr0Ra1Mrf5_
VWDPMMean_f6.png, id=315, 361.35pt x 289.08pt>
File: figures/cogCorr/trajSamplesOneFig_cogCorr_adniThFWHM0Initk-meansCl3Pr0Ra1
Mrf5_VWDPMMean_f6.png Graphic file (type png)

<use figures/cogCorr/trajSamplesOneFig_cogCorr_adniThFWHM0Initk-meansCl3Pr0Ra1M
rf5_VWDPMMean_f6.png>
Package pdftex.def Info: figures/cogCorr/trajSamplesOneFig_cogCorr_adniThFWHM0I
nitk-meansCl3Pr0Ra1Mrf5_VWDPMMean_f6.png used on input line 1321.
(pdftex.def)             Requested size: 55.07251pt x 40.23265pt.

Underfull \hbox (badness 10000) in paragraph at lines 1321--1321

 []


<..//figures/crossvalid/adniThavgFWHM0Initk-meansCl3Pr0Ra1_VWDPMMean/blend7.png
, id=317, 602.25pt x 451.6875pt>
File: ..//figures/crossvalid/adniThavgFWHM0Initk-meansCl3Pr0Ra1_VWDPMMean/blend
7.png Graphic file (type png)

<use ..//figures/crossvalid/adniThavgFWHM0Initk-meansCl3Pr0Ra1_VWDPMMean/blend7
.png>
Package pdftex.def Info: ..//figures/crossvalid/adniThavgFWHM0Initk-meansCl3Pr0
Ra1_VWDPMMean/blend7.png used on input line 1321.
(pdftex.def)             Requested size: 55.07251pt x 41.29797pt.

<figures/cogCorr/trajSamplesOneFig_cogCorr_adniThFWHM0Initk-meansCl3Pr0Ra1Mrf5_
VWDPMMean_f7.png, id=318, 361.35pt x 289.08pt>
File: figures/cogCorr/trajSamplesOneFig_cogCorr_adniThFWHM0Initk-meansCl3Pr0Ra1
Mrf5_VWDPMMean_f7.png Graphic file (type png)

<use figures/cogCorr/trajSamplesOneFig_cogCorr_adniThFWHM0Initk-meansCl3Pr0Ra1M
rf5_VWDPMMean_f7.png>
Package pdftex.def Info: figures/cogCorr/trajSamplesOneFig_cogCorr_adniThFWHM0I
nitk-meansCl3Pr0Ra1Mrf5_VWDPMMean_f7.png used on input line 1321.
(pdftex.def)             Requested size: 55.07251pt x 40.23265pt.

Underfull \hbox (badness 10000) in paragraph at lines 1321--1321

 []


<..//figures/crossvalid/adniThavgFWHM0Initk-meansCl3Pr0Ra1_VWDPMMean/blend8.png
, id=320, 602.25pt x 451.6875pt>
File: ..//figures/crossvalid/adniThavgFWHM0Initk-meansCl3Pr0Ra1_VWDPMMean/blend
8.png Graphic file (type png)

<use ..//figures/crossvalid/adniThavgFWHM0Initk-meansCl3Pr0Ra1_VWDPMMean/blend8
.png>
Package pdftex.def Info: ..//figures/crossvalid/adniThavgFWHM0Initk-meansCl3Pr0
Ra1_VWDPMMean/blend8.png used on input line 1321.
(pdftex.def)             Requested size: 55.07251pt x 41.29797pt.

<figures/cogCorr/trajSamplesOneFig_cogCorr_adniThFWHM0Initk-meansCl3Pr0Ra1Mrf5_
VWDPMMean_f8.png, id=321, 361.35pt x 289.08pt>
File: figures/cogCorr/trajSamplesOneFig_cogCorr_adniThFWHM0Initk-meansCl3Pr0Ra1
Mrf5_VWDPMMean_f8.png Graphic file (type png)

<use figures/cogCorr/trajSamplesOneFig_cogCorr_adniThFWHM0Initk-meansCl3Pr0Ra1M
rf5_VWDPMMean_f8.png>
Package pdftex.def Info: figures/cogCorr/trajSamplesOneFig_cogCorr_adniThFWHM0I
nitk-meansCl3Pr0Ra1Mrf5_VWDPMMean_f8.png used on input line 1321.
(pdftex.def)             Requested size: 55.07251pt x 40.23265pt.

Underfull \hbox (badness 10000) in paragraph at lines 1321--1321

 []


<..//figures/crossvalid/adniThavgFWHM0Initk-meansCl3Pr0Ra1_VWDPMMean/blend9.png
, id=323, 602.25pt x 451.6875pt>
File: ..//figures/crossvalid/adniThavgFWHM0Initk-meansCl3Pr0Ra1_VWDPMMean/blend
9.png Graphic file (type png)

<use ..//figures/crossvalid/adniThavgFWHM0Initk-meansCl3Pr0Ra1_VWDPMMean/blend9
.png>
Package pdftex.def Info: ..//figures/crossvalid/adniThavgFWHM0Initk-meansCl3Pr0
Ra1_VWDPMMean/blend9.png used on input line 1321.
(pdftex.def)             Requested size: 55.07251pt x 41.29797pt.

<figures/cogCorr/trajSamplesOneFig_cogCorr_adniThFWHM0Initk-meansCl3Pr0Ra1Mrf5_
VWDPMMean_f9.png, id=324, 361.35pt x 289.08pt>
File: figures/cogCorr/trajSamplesOneFig_cogCorr_adniThFWHM0Initk-meansCl3Pr0Ra1
Mrf5_VWDPMMean_f9.png Graphic file (type png)

<use figures/cogCorr/trajSamplesOneFig_cogCorr_adniThFWHM0Initk-meansCl3Pr0Ra1M
rf5_VWDPMMean_f9.png>
Package pdftex.def Info: figures/cogCorr/trajSamplesOneFig_cogCorr_adniThFWHM0I
nitk-meansCl3Pr0Ra1Mrf5_VWDPMMean_f9.png used on input line 1321.
(pdftex.def)             Requested size: 55.07251pt x 40.23265pt.

Underfull \hbox (badness 10000) in paragraph at lines 1321--1321

 []

File: uclheader.pdf Graphic file (type pdf)
<use uclheader.pdf>
Package pdftex.def Info: uclheader.pdf used on input line 1321.
(pdftex.def)             Requested size: 364.19536pt x 29.96231pt.
 [20

 <./figures/cogCorr/trajSamplesOneFig_cogCorr_adniThFWHM0Initk-meansCl3Pr0Ra1Mr
f5_VWDPMMean_f0.png> <./figures/cogCorr/trajSamplesOneFig_cogCorr_adniThFWHM0In
itk-meansCl3Pr0Ra1Mrf5_VWDPMMean_f1.png> <./figures/cogCorr/trajSamplesOneFig_c
ogCorr_adniThFWHM0Initk-meansCl3Pr0Ra1Mrf5_VWDPMMean_f2.png> <./figures/cogCorr
/trajSamplesOneFig_cogCorr_adniThFWHM0Initk-meansCl3Pr0Ra1Mrf5_VWDPMMean_f3.png
> <./figures/cogCorr/trajSamplesOneFig_cogCorr_adniThFWHM0Initk-meansCl3Pr0Ra1M
rf5_VWDPMMean_f4.png> <./figures/cogCorr/trajSamplesOneFig_cogCorr_adniThFWHM0I
nitk-meansCl3Pr0Ra1Mrf5_VWDPMMean_f5.png> <./figures/cogCorr/trajSamplesOneFig_
cogCorr_adniThFWHM0Initk-meansCl3Pr0Ra1Mrf5_VWDPMMean_f6.png> <./figures/cogCor
r/trajSamplesOneFig_cogCorr_adniThFWHM0Initk-meansCl3Pr0Ra1Mrf5_VWDPMMean_f7.pn
g> <./figures/cogCorr/trajSamplesOneFig_cogCorr_adniThFWHM0Initk-meansCl3Pr0Ra1
Mrf5_VWDPMMean_f8.png> <./figures/cogCorr/trajSamplesOneFig_cogCorr_adniThFWHM0
Initk-meansCl3Pr0Ra1Mrf5_VWDPMMean_f9.png> <..//figures/crossvalid/adniThavgFWH
M0Initk-meansCl3Pr0Ra1_VWDPMMean/blend0.png> <..//figures/crossvalid/adniThavgF
WHM0Initk-meansCl3Pr0Ra1_VWDPMMean/blend1.png> <..//figures/crossvalid/adniThav
gFWHM0Initk-meansCl3Pr0Ra1_VWDPMMean/blend2.png> <..//figures/crossvalid/adniTh
avgFWHM0Initk-meansCl3Pr0Ra1_VWDPMMean/blend3.png> <..//figures/crossvalid/adni
ThavgFWHM0Initk-meansCl3Pr0Ra1_VWDPMMean/blend4.png> <..//figures/crossvalid/ad
niThavgFWHM0Initk-meansCl3Pr0Ra1_VWDPMMean/blend5.png> <..//figures/crossvalid/
adniThavgFWHM0Initk-meansCl3Pr0Ra1_VWDPMMean/blend6.png> <..//figures/crossvali
d/adniThavgFWHM0Initk-meansCl3Pr0Ra1_VWDPMMean/blend7.png> <..//figures/crossva
lid/adniThavgFWHM0Initk-meansCl3Pr0Ra1_VWDPMMean/blend8.png> <..//figures/cross
valid/adniThavgFWHM0Initk-meansCl3Pr0Ra1_VWDPMMean/blend9.png>]
<..//figures/crossvalid/stagingConsist_adniThavgFWHM0Initk-meansCl3Pr0Ra1_VWDPM
Mean.png, id=363, 586.8324pt x 442.2924pt>
File: ..//figures/crossvalid/stagingConsist_adniThavgFWHM0Initk-meansCl3Pr0Ra1_
VWDPMMean.png Graphic file (type png)

<use ..//figures/crossvalid/stagingConsist_adniThavgFWHM0Initk-meansCl3Pr0Ra1_V
WDPMMean.png>
Package pdftex.def Info: ..//figures/crossvalid/stagingConsist_adniThavgFWHM0In
itk-meansCl3Pr0Ra1_VWDPMMean.png used on input line 1384.
(pdftex.def)             Requested size: 137.67604pt x 103.76326pt.

<figures/stagingCogTestsScatterPlot_adniThFWHM0Initk-meansCl3Pr0Ra1Mrf5_VWDPMMe
an_ADAS13.png, id=364, 462.528pt x 346.896pt>
File: figures/stagingCogTestsScatterPlot_adniThFWHM0Initk-meansCl3Pr0Ra1Mrf5_VW
DPMMean_ADAS13.png Graphic file (type png)

<use figures/stagingCogTestsScatterPlot_adniThFWHM0Initk-meansCl3Pr0Ra1Mrf5_VWD
PMMean_ADAS13.png>
Package pdftex.def Info: figures/stagingCogTestsScatterPlot_adniThFWHM0Initk-me
ansCl3Pr0Ra1Mrf5_VWDPMMean_ADAS13.png used on input line 1384.
(pdftex.def)             Requested size: 83.29619pt x 62.47034pt.

Overfull \hbox (7.5728pt too wide) in paragraph at lines 1384--1384
 [] 
 []


<figures/stagingCogTestsScatterPlot_adniThFWHM0Initk-meansCl3Pr0Ra1Mrf5_VWDPMMe
an_MMSE.png, id=365, 462.528pt x 346.896pt>
File: figures/stagingCogTestsScatterPlot_adniThFWHM0Initk-meansCl3Pr0Ra1Mrf5_VW
DPMMean_MMSE.png Graphic file (type png)

<use figures/stagingCogTestsScatterPlot_adniThFWHM0Initk-meansCl3Pr0Ra1Mrf5_VWD
PMMean_MMSE.png>
Package pdftex.def Info: figures/stagingCogTestsScatterPlot_adniThFWHM0Initk-me
ansCl3Pr0Ra1Mrf5_VWDPMMean_MMSE.png used on input line 1384.
(pdftex.def)             Requested size: 83.29619pt x 62.47034pt.

Overfull \hbox (7.5728pt too wide) in paragraph at lines 1384--1384
 [] 
 []


<figures/stagingCogTestsScatterPlot_adniThFWHM0Initk-meansCl3Pr0Ra1Mrf5_VWDPMMe
an_RAVLT.png, id=366, 462.528pt x 346.896pt>
File: figures/stagingCogTestsScatterPlot_adniThFWHM0Initk-meansCl3Pr0Ra1Mrf5_VW
DPMMean_RAVLT.png Graphic file (type png)

<use figures/stagingCogTestsScatterPlot_adniThFWHM0Initk-meansCl3Pr0Ra1Mrf5_VWD
PMMean_RAVLT.png>
Package pdftex.def Info: figures/stagingCogTestsScatterPlot_adniThFWHM0Initk-me
ansCl3Pr0Ra1Mrf5_VWDPMMean_RAVLT.png used on input line 1384.
(pdftex.def)             Requested size: 83.29619pt x 62.47034pt.

Overfull \hbox (7.5728pt too wide) in paragraph at lines 1384--1384
 [] 
 []


<figures/stagingCogTestsScatterPlot_adniThFWHM0Initk-meansCl3Pr0Ra1Mrf5_VWDPMMe
an_CDRSOB.png, id=367, 462.528pt x 346.896pt>
File: figures/stagingCogTestsScatterPlot_adniThFWHM0Initk-meansCl3Pr0Ra1Mrf5_VW
DPMMean_CDRSOB.png Graphic file (type png)

<use figures/stagingCogTestsScatterPlot_adniThFWHM0Initk-meansCl3Pr0Ra1Mrf5_VWD
PMMean_CDRSOB.png>
Package pdftex.def Info: figures/stagingCogTestsScatterPlot_adniThFWHM0Initk-me
ansCl3Pr0Ra1Mrf5_VWDPMMean_CDRSOB.png used on input line 1384.
(pdftex.def)             Requested size: 83.29619pt x 62.47034pt.

Overfull \hbox (7.5728pt too wide) in paragraph at lines 1384--1384
 [] 
 []

File: uclheader.pdf Graphic file (type pdf)
<use uclheader.pdf>
Package pdftex.def Info: uclheader.pdf used on input line 1384.
(pdftex.def)             Requested size: 364.19536pt x 29.96231pt.
 [21

 <..//figures/crossvalid/stagingConsist_adniThavgFWHM0Initk-meansCl3Pr0Ra1_VWDP
MMean.png> <./figures/stagingCogTestsScatterPlot_adniThFWHM0Initk-meansCl3Pr0Ra
1Mrf5_VWDPMMean_ADAS13.png> <./figures/stagingCogTestsScatterPlot_adniThFWHM0In
itk-meansCl3Pr0Ra1Mrf5_VWDPMMean_MMSE.png> <./figures/stagingCogTestsScatterPlo
t_adniThFWHM0Initk-meansCl3Pr0Ra1Mrf5_VWDPMMean_RAVLT.png> <./figures/stagingCo
gTestsScatterPlot_adniThFWHM0Initk-meansCl3Pr0Ra1Mrf5_VWDPMMean_CDRSOB.png>]
<figures//slopeCol_adniPetInitk-meansCl20Pr0Ra1Mrf5DataNZ_VDPM_MRF.png, id=379,
 602.25pt x 451.6875pt>
File: figures//slopeCol_adniPetInitk-meansCl20Pr0Ra1Mrf5DataNZ_VDPM_MRF.png Gra
phic file (type png)

<use figures//slopeCol_adniPetInitk-meansCl20Pr0Ra1Mrf5DataNZ_VDPM_MRF.png>
Package pdftex.def Info: figures//slopeCol_adniPetInitk-meansCl20Pr0Ra1Mrf5Data
NZ_VDPM_MRF.png used on input line 1493.
(pdftex.def)             Requested size: 82.60646pt x 61.95386pt.


! Package pgfkeys Error: I do not know the key '/tikz/width', to which you pass
ed '\textwidth ', and I am going to ignore it. Perhaps you misspelled it.

See the pgfkeys package documentation for explanation.
Type  H <return>  for immediate help.
 ...                                              
                                                  
l.1493 \end{frame}
                  
This error message was generated by an \errmessage
command, so I can't give any explicit help.
Pretend that you're Hercule Poirot: Examine all clues,
and deduce the truth by order and method.


<figures//trajSamplesOneFig_adniPetInitk-meansCl20Pr0Ra1Mrf5DataNZ_VDPM_MRF.png
, id=380, 361.35pt x 289.08pt>
File: figures//trajSamplesOneFig_adniPetInitk-meansCl20Pr0Ra1Mrf5DataNZ_VDPM_MR
F.png Graphic file (type png)

<use figures//trajSamplesOneFig_adniPetInitk-meansCl20Pr0Ra1Mrf5DataNZ_VDPM_MRF
.png>
Package pdftex.def Info: figures//trajSamplesOneFig_adniPetInitk-meansCl20Pr0Ra
1Mrf5DataNZ_VDPM_MRF.png used on input line 1493.
(pdftex.def)             Requested size: 110.14125pt x 68.41875pt.

Overfull \hbox (2.35623pt too wide) in paragraph at lines 1493--1493
[]  [] 
 []

File: bilgel_neuroimage.jpg Graphic file (type jpg)
<use bilgel_neuroimage.jpg>
Package pdftex.def Info: bilgel_neuroimage.jpg used on input line 1493.
(pdftex.def)             Requested size: 66.08542pt x 42.12888pt.
File: uclheader.pdf Graphic file (type pdf)
 <use uclheader.pdf>
Package pdftex.def Info: uclheader.pdf used on input line 1493.
(pdftex.def)             Requested size: 364.19536pt x 29.96231pt.
 [22

 <./figures//trajSamplesOneFig_adniPetInitk-meansCl20Pr0Ra1Mrf5DataNZ_VDPM_MRF.
png> <./figures//slopeCol_adniPetInitk-meansCl20Pr0Ra1Mrf5DataNZ_VDPM_MRF.png>]
File: uclheader.pdf Graphic file (type pdf)
 <use uclheader.pdf>
Package pdftex.def Info: uclheader.pdf used on input line 1526.
(pdftex.def)             Requested size: 364.19536pt x 29.96231pt.

[23

]
File: uclheader.pdf Graphic file (type pdf)
 <use uclheader.pdf>
Package pdftex.def Info: uclheader.pdf used on input line 1571.
(pdftex.def)             Requested size: 364.19536pt x 29.96231pt.
 [24

]
<cmic_away_day.jpeg, id=405, 1466.47874pt x 452.69125pt>
File: cmic_away_day.jpeg Graphic file (type jpg)

<use cmic_away_day.jpeg>
Package pdftex.def Info: cmic_away_day.jpeg used on input line 1634.
(pdftex.def)             Requested size: 344.19536pt x 70.90797pt.

<Danny-Alexander.jpeg, id=407, 167.62625pt x 251.94125pt>
File: Danny-Alexander.jpeg Graphic file (type jpg)

<use Danny-Alexander.jpeg>
Package pdftex.def Info: Danny-Alexander.jpeg used on input line 1634.
(pdftex.def)             Requested size: 41.90645pt x 62.98515pt.

<Seb_Crutch_photo.JPG, id=408, 157.58875pt x 235.88126pt>
File: Seb_Crutch_photo.JPG Graphic file (type jpg)

<use Seb_Crutch_photo.JPG>
Package pdftex.def Info: Seb_Crutch_photo.JPG used on input line 1634.
(pdftex.def)             Requested size: 42.54951pt x 63.68878pt.
 <CDTlogo.png, id=409, 570.13pt x 302.12875pt>
File: CDTlogo.png Graphic file (type png)

<use CDTlogo.png>
Package pdftex.def Info: CDTlogo.png used on input line 1634.
(pdftex.def)             Requested size: 53.68443pt x 28.45274pt.
File: epsrc_logo.jpg Graphic file (type jpg)
 <use epsrc_logo.jpg>
Package pdftex.def Info: epsrc_logo.jpg used on input line 1634.
(pdftex.def)             Requested size: 48.63127pt x 28.45274pt.
File: uclheader.pdf Graphic file (type pdf)
 <use uclheader.pdf>
Package pdftex.def Info: uclheader.pdf used on input line 1634.
(pdftex.def)             Requested size: 364.19536pt x 29.96231pt.
 [25

 <./cmic_away_day.jpeg> <./Danny-Alexander.jpeg> <./Seb_Crutch_photo.JPG> <./CD
Tlogo.png>]
<tadpole.png, id=419, 762.85pt x 650.43pt>
File: tadpole.png Graphic file (type png)
 <use tadpole.png>
Package pdftex.def Info: tadpole.png used on input line 1652.
(pdftex.def)             Requested size: 305.1346pt x 151.76404pt.
File: uclheader.pdf Graphic file (type pdf)

<use uclheader.pdf>
Package pdftex.def Info: uclheader.pdf used on input line 1652.
(pdftex.def)             Requested size: 364.19536pt x 29.96231pt.
 [26

 <./tadpole.png>]
File: uclheader.pdf Graphic file (type pdf)
 <use uclheader.pdf>
Package pdftex.def Info: uclheader.pdf used on input line 1732.
(pdftex.def)             Requested size: 364.19536pt x 29.96231pt.
 [27

]
<slopeCol_drcThFWHM0Initk-meansCl3Pr0Ra1Mrf5_VWDPMMeanAD.png, id=435, 602.25pt 
x 451.6875pt>
File: slopeCol_drcThFWHM0Initk-meansCl3Pr0Ra1Mrf5_VWDPMMeanAD.png Graphic file 
(type png)

<use slopeCol_drcThFWHM0Initk-meansCl3Pr0Ra1Mrf5_VWDPMMeanAD.png>
Package pdftex.def Info: slopeCol_drcThFWHM0Initk-meansCl3Pr0Ra1Mrf5_VWDPMMeanA
D.png used on input line 1787.
(pdftex.def)             Requested size: 90.33359pt x 67.7502pt.

<slopeCol_drcThFWHM0Initk-meansCl3Pr0Ra1Mrf5_VDPM_MRFAD.png, id=436, 602.25pt x
 451.6875pt>
File: slopeCol_drcThFWHM0Initk-meansCl3Pr0Ra1Mrf5_VDPM_MRFAD.png Graphic file (
type png)
 <use slopeCol_drcThFWHM0Initk-meansCl3Pr0Ra1Mrf5_VDPM_MRFAD.png>
Package pdftex.def Info: slopeCol_drcThFWHM0Initk-meansCl3Pr0Ra1Mrf5_VDPM_MRFAD
.png used on input line 1787.
(pdftex.def)             Requested size: 90.33359pt x 67.7502pt.
File: uclheader.pdf Graphic file (type pdf)

<use uclheader.pdf>
Package pdftex.def Info: uclheader.pdf used on input line 1787.
(pdftex.def)             Requested size: 364.19536pt x 29.96231pt.
 [28

 <./slopeCol_drcThFWHM0Initk-meansCl3Pr0Ra1Mrf5_VWDPMMeanAD.png> <./slopeCol_dr
cThFWHM0Initk-meansCl3Pr0Ra1Mrf5_VDPM_MRFAD.png>]
\tf@nav=\write6
\openout6 = `pres.nav'.

\tf@toc=\write7
\openout7 = `pres.toc'.

\tf@snm=\write8
\openout8 = `pres.snm'.

Package atveryend Info: Empty hook `BeforeClearDocument' on input line 1810.
Package atveryend Info: Empty hook `AfterLastShipout' on input line 1810.

(./pres.aux)
Package atveryend Info: Executing hook `AtVeryEndDocument' on input line 1810.
Package atveryend Info: Executing hook `AtEndAfterFileList' on input line 1810.

Package rerunfilecheck Info: File `pres.out' has not changed.
(rerunfilecheck)             Checksum: 835BC63BBF663912C81944E0F1F9080D;177.
Package atveryend Info: Empty hook `AtVeryVeryEnd' on input line 1810.
 ) 
Here is how much of TeX's memory you used:
 25491 strings out of 494465
 535934 string characters out of 6166361
 624233 words of memory out of 5000000
 27999 multiletter control sequences out of 15000+600000
 30906 words of font info for 60 fonts, out of 8000000 for 9000
 350 hyphenation exceptions out of 8191
 55i,16n,77p,397b,1357s stack positions out of 5000i,500n,10000p,200000b,80000s
{/usr/share/texlive/texmf-dist/fonts/enc/dvips/base/8r.enc}</usr/share/texliv
e/texmf-dist/fonts/type1/public/amsfonts/cmextra/cmex7.pfb></usr/share/texlive/
texmf-dist/fonts/type1/public/amsfonts/cmextra/cmex8.pfb></usr/share/texlive/te
xmf-dist/fonts/type1/public/amsfonts/cm/cmmi5.pfb></usr/share/texlive/texmf-dis
t/fonts/type1/public/amsfonts/cm/cmmi6.pfb></usr/share/texlive/texmf-dist/fonts
/type1/public/amsfonts/cm/cmmi7.pfb></usr/share/texlive/texmf-dist/fonts/type1/
public/amsfonts/cm/cmmi8.pfb></usr/share/texlive/texmf-dist/fonts/type1/public/
amsfonts/cm/cmss8.pfb></usr/share/texlive/texmf-dist/fonts/type1/public/amsfont
s/cm/cmsy5.pfb></usr/share/texlive/texmf-dist/fonts/type1/public/amsfonts/cm/cm
sy6.pfb></usr/share/texlive/texmf-dist/fonts/type1/public/amsfonts/cm/cmsy7.pfb
></usr/share/texlive/texmf-dist/fonts/type1/public/amsfonts/cm/cmsy8.pfb></usr/
share/texlive/texmf-dist/fonts/type1/urw/helvetic/uhvb8a.pfb></usr/share/texliv
e/texmf-dist/fonts/type1/urw/helvetic/uhvr8a.pfb></usr/share/texlive/texmf-dist
/fonts/type1/urw/helvetic/uhvro8a.pfb>
Output written on pres.pdf (28 pages, 8996452 bytes).
PDF statistics:
 508 PDF objects out of 1000 (max. 8388607)
 284 compressed objects within 3 object streams
 70 named destinations out of 1000 (max. 500000)
 696 words of extra memory for PDF output out of 10000 (max. 10000000)

